-----------------------------------
|@| |0| |1| |2| |3| |4| |5| |6| |7|
-----------------------------------
|0| | | | | | | | | | | | | | | | | 
-----------------------------------
|1| | | | | | | | | | | | | | | | | 
-----------------------------------
|2| | | | | | | | | | | | | | | | | 
-----------------------------------
|3| | | | | | | |#| |O| | | | | | | 
-----------------------------------
|4| | | | | | | |O| |#| | | | | | | 
-----------------------------------
|5| | | | | | | | | | | | | | | | | 
-----------------------------------
|6| | | | | | | | | | | | | | | | | 
-----------------------------------
|7| | | | | | | | | | | | | | | | | 
-----------------------------------
oppositecolore: 2,owncolor: 2

step 0:oppositecolor :0, pos: (2,4)
-----------------------------------
|@| |0| |1| |2| |3| |4| |5| |6| |7|
-----------------------------------
|0| | | | | | | | | | | | | | | | | 
-----------------------------------
|1| | | | | | | | | |?| | | | | | | 
-----------------------------------
|2| | | | | | | |?| |#| |?| | | | | 
-----------------------------------
|3| | | | | | | |#| |#| | | | | | | 
-----------------------------------
|4| | | | | | | |O| |#| | | | | | | 
-----------------------------------
|5| | | | | | | | | | | | | | | | | 
-----------------------------------
|6| | | | | | | | | | | | | | | | | 
-----------------------------------
|7| | | | | | | | | | | | | | | | | 
-----------------------------------
oppositecolore: 4,owncolor: 1

step 1:owncolor :1, pos: (4,5)
-----------------------------------
|@| |0| |1| |2| |3| |4| |5| |6| |7|
-----------------------------------
|0| | | | | | | | | | | | | | | | | 
-----------------------------------
|1| | | | | | | | | | | | | | | | | 
-----------------------------------
|2| | | | | | | | | |#| | | | | | | 
-----------------------------------
|3| | | | | | | |#| |#| | | | | | | 
-----------------------------------
|4| | | | | | | |O| |O| |O| | | | | 
-----------------------------------
|5| | | | | | | | | | | | | | | | | 
-----------------------------------
|6| | | | | | | | | | | | | | | | | 
-----------------------------------
|7| | | | | | | | | | | | | | | | | 
-----------------------------------
oppositecolore: 3,owncolor: 3

step 2:oppositecolor :0, pos: (5,4)
-----------------------------------
|@| |0| |1| |2| |3| |4| |5| |6| |7|
-----------------------------------
|0| | | | | | | | | | | | | | | | | 
-----------------------------------
|1| | | | | | | | | | | | | | | | | 
-----------------------------------
|2| | | | | | | | | |#| | | | | | | 
-----------------------------------
|3| | | | | | | |#| |#| | | | | | | 
-----------------------------------
|4| | | | | | | |O| |#| |O| | | | | 
-----------------------------------
|5| | | | | | | |?| |#| |?| | | | | 
-----------------------------------
|6| | | | | | | | | |?| | | | | | | 
-----------------------------------
|7| | | | | | | | | | | | | | | | | 
-----------------------------------
oppositecolore: 5,owncolor: 2

step 3:owncolor :1, pos: (2,3)
-----------------------------------
|@| |0| |1| |2| |3| |4| |5| |6| |7|
-----------------------------------
|0| | | | | | | | | | | | | | | | | 
-----------------------------------
|1| | | | | | | | | | | | | | | | | 
-----------------------------------
|2| | | | | | | |O| |#| | | | | | | 
-----------------------------------
|3| | | | | | | |O| |O| | | | | | | 
-----------------------------------
|4| | | | | | | |O| |#| |O| | | | | 
-----------------------------------
|5| | | | | | | | | |#| | | | | | | 
-----------------------------------
|6| | | | | | | | | | | | | | | | | 
-----------------------------------
|7| | | | | | | | | | | | | | | | | 
-----------------------------------
oppositecolore: 3,owncolor: 5

step 4:oppositecolor :0, pos: (4,2)
-----------------------------------
|@| |0| |1| |2| |3| |4| |5| |6| |7|
-----------------------------------
|0| | | | | | | | | | | | | | | | | 
-----------------------------------
|1| | | | | | | | | | | | | | | | | 
-----------------------------------
|2| | | | | | | |O| |#| | | | | | | 
-----------------------------------
|3| | | | | |?| |#| |O| | | | | | | 
-----------------------------------
|4| | | |?| |#| |#| |#| |O| | | | | 
-----------------------------------
|5| | | | | |?| | | |#| | | | | | | 
-----------------------------------
|6| | | | | | | | | | | | | | | | | 
-----------------------------------
|7| | | | | | | | | | | | | | | | | 
-----------------------------------
oppositecolore: 6,owncolor: 3

step 5:owncolor :1, pos: (5,3)
-----------------------------------
|@| |0| |1| |2| |3| |4| |5| |6| |7|
-----------------------------------
|0| | | | | | | | | | | | | | | | | 
-----------------------------------
|1| | | | | | | | | | | | | | | | | 
-----------------------------------
|2| | | | | | | |O| |#| | | | | | | 
-----------------------------------
|3| | | | | | | |O| |O| | | | | | | 
-----------------------------------
|4| | | | | |#| |O| |#| |O| | | | | 
-----------------------------------
|5| | | | | | | |O| |#| | | | | | | 
-----------------------------------
|6| | | | | | | | | | | | | | | | | 
-----------------------------------
|7| | | | | | | | | | | | | | | | | 
-----------------------------------
oppositecolore: 4,owncolor: 6

step 6:oppositecolor :0, pos: (2,2)
-----------------------------------
|@| |0| |1| |2| |3| |4| |5| |6| |7|
-----------------------------------
|0| | | | | | | | | | | | | | | | | 
-----------------------------------
|1| | | | | |?| | | | | | | | | | | 
-----------------------------------
|2| | | |?| |#| |#| |#| | | | | | | 
-----------------------------------
|3| | | | | |?| |#| |O| | | | | | | 
-----------------------------------
|4| | | | | |#| |O| |#| |O| | | | | 
-----------------------------------
|5| | | | | | | |O| |#| | | | | | | 
-----------------------------------
|6| | | | | | | | | | | | | | | | | 
-----------------------------------
|7| | | | | | | | | | | | | | | | | 
-----------------------------------
oppositecolore: 7,owncolor: 4

step 7:owncolor :1, pos: (3,5)
-----------------------------------
|@| |0| |1| |2| |3| |4| |5| |6| |7|
-----------------------------------
|0| | | | | | | | | | | | | | | | | 
-----------------------------------
|1| | | | | | | | | | | | | | | | | 
-----------------------------------
|2| | | | | |#| |#| |#| | | | | | | 
-----------------------------------
|3| | | | | | | |#| |O| |O| | | | | 
-----------------------------------
|4| | | | | |#| |O| |O| |O| | | | | 
-----------------------------------
|5| | | | | | | |O| |#| | | | | | | 
-----------------------------------
|6| | | | | | | | | | | | | | | | | 
-----------------------------------
|7| | | | | | | | | | | | | | | | | 
-----------------------------------
oppositecolore: 6,owncolor: 6

step 8:oppositecolor :0, pos: (4,6)
-----------------------------------
|@| |0| |1| |2| |3| |4| |5| |6| |7|
-----------------------------------
|0| | | | | | | | | | | | | | | | | 
-----------------------------------
|1| | | | | | | | | | | | | | | | | 
-----------------------------------
|2| | | | | |#| |#| |#| | | | | | | 
-----------------------------------
|3| | | | | | | |#| |O| |#| |?| | | 
-----------------------------------
|4| | | | | |#| |#| |#| |#| |#| |?| 
-----------------------------------
|5| | | | | | | |O| |#| | | |?| | | 
-----------------------------------
|6| | | | | | | | | | | | | | | | | 
-----------------------------------
|7| | | | | | | | | | | | | | | | | 
-----------------------------------
oppositecolore: 11,owncolor: 2

step 9:owncolor :1, pos: (1,3)
-----------------------------------
|@| |0| |1| |2| |3| |4| |5| |6| |7|
-----------------------------------
|0| | | | | | | | | | | | | | | | | 
-----------------------------------
|1| | | | | | | |O| | | | | | | | | 
-----------------------------------
|2| | | | | |#| |O| |#| | | | | | | 
-----------------------------------
|3| | | | | | | |O| |O| |#| | | | | 
-----------------------------------
|4| | | | | |#| |O| |#| |#| |#| | | 
-----------------------------------
|5| | | | | | | |O| |#| | | | | | | 
-----------------------------------
|6| | | | | | | | | | | | | | | | | 
-----------------------------------
|7| | | | | | | | | | | | | | | | | 
-----------------------------------
oppositecolore: 8,owncolor: 6

step 10:oppositecolor :0, pos: (3,2)
-----------------------------------
|@| |0| |1| |2| |3| |4| |5| |6| |7|
-----------------------------------
|0| | | | | | | | | | | | | | | | | 
-----------------------------------
|1| | | | | | | |O| | | | | | | | | 
-----------------------------------
|2| | | | | |#| |O| |#| | | | | | | 
-----------------------------------
|3| | | |?| |#| |#| |#| |#| | | | | 
-----------------------------------
|4| | | | | |#| |#| |#| |#| |#| | | 
-----------------------------------
|5| | | | | | | |O| |#| | | | | | | 
-----------------------------------
|6| | | | | | | | | | | | | | | | | 
-----------------------------------
|7| | | | | | | | | | | | | | | | | 
-----------------------------------
oppositecolore: 12,owncolor: 3

step 11:owncolor :1, pos: (5,7)
-----------------------------------
|@| |0| |1| |2| |3| |4| |5| |6| |7|
-----------------------------------
|0| | | | | | | | | | | | | | | | | 
-----------------------------------
|1| | | | | | | |O| | | | | | | | | 
-----------------------------------
|2| | | | | |#| |O| |O| | | | | | | 
-----------------------------------
|3| | | | | |#| |#| |#| |O| | | | | 
-----------------------------------
|4| | | | | |#| |#| |#| |#| |O| | | 
-----------------------------------
|5| | | | | | | |O| |#| | | | | |O| 
-----------------------------------
|6| | | | | | | | | | | | | | | | | 
-----------------------------------
|7| | | | | | | | | | | | | | | | | 
-----------------------------------
oppositecolore: 9,owncolor: 7

step 12:oppositecolor :0, pos: (2,5)
-----------------------------------
|@| |0| |1| |2| |3| |4| |5| |6| |7|
-----------------------------------
|0| | | | | | | | | | | | | | | | | 
-----------------------------------
|1| | | | | | | |O| | | |?| | | | | 
-----------------------------------
|2| | | | | |#| |#| |#| |#| |?| | | 
-----------------------------------
|3| | | | | |#| |#| |#| |#| | | | | 
-----------------------------------
|4| | | | | |#| |#| |#| |#| |O| | | 
-----------------------------------
|5| | | | | | | |O| |#| | | | | |O| 
-----------------------------------
|6| | | | | | | | | | | | | | | | | 
-----------------------------------
|7| | | | | | | | | | | | | | | | | 
-----------------------------------
oppositecolore: 13,owncolor: 4

step 13:owncolor :1, pos: (4,1)
-----------------------------------
|@| |0| |1| |2| |3| |4| |5| |6| |7|
-----------------------------------
|0| | | | | | | | | | | | | | | | | 
-----------------------------------
|1| | | | | | | |O| | | | | | | | | 
-----------------------------------
|2| | | | | |#| |#| |#| |#| | | | | 
-----------------------------------
|3| | | | | |#| |#| |#| |#| | | | | 
-----------------------------------
|4| | | |O| |O| |O| |O| |O| |O| | | 
-----------------------------------
|5| | | | | | | |O| |#| | | | | |O| 
-----------------------------------
|6| | | | | | | | | | | | | | | | | 
-----------------------------------
|7| | | | | | | | | | | | | | | | | 
-----------------------------------
oppositecolore: 9,owncolor: 9

step 14:oppositecolor :0, pos: (5,2)
-----------------------------------
|@| |0| |1| |2| |3| |4| |5| |6| |7|
-----------------------------------
|0| | | | | | | | | | | | | | | | | 
-----------------------------------
|1| | | | | | | |O| | | | | | | | | 
-----------------------------------
|2| | | | | |#| |#| |#| |#| | | | | 
-----------------------------------
|3| | | | | |#| |#| |#| |#| | | | | 
-----------------------------------
|4| | | |O| |#| |#| |O| |O| |O| | | 
-----------------------------------
|5| | | |?| |#| |#| |#| | | | | |O| 
-----------------------------------
|6| | | | | |?| | | | | | | | | | | 
-----------------------------------
|7| | | | | | | | | | | | | | | | | 
-----------------------------------
oppositecolore: 13,owncolor: 6

step 15:owncolor :1, pos: (6,3)
-----------------------------------
|@| |0| |1| |2| |3| |4| |5| |6| |7|
-----------------------------------
|0| | | | | | | | | | | | | | | | | 
-----------------------------------
|1| | | | | | | |O| | | | | | | | | 
-----------------------------------
|2| | | | | |#| |O| |#| |#| | | | | 
-----------------------------------
|3| | | | | |#| |O| |#| |#| | | | | 
-----------------------------------
|4| | | |O| |#| |O| |O| |O| |O| | | 
-----------------------------------
|5| | | | | |O| |O| |O| | | | | |O| 
-----------------------------------
|6| | | | | | | |O| | | | | | | | | 
-----------------------------------
|7| | | | | | | | | | | | | | | | | 
-----------------------------------
oppositecolore: 7,owncolor: 13

step 16:oppositecolor :0, pos: (4,7)
-----------------------------------
|@| |0| |1| |2| |3| |4| |5| |6| |7|
-----------------------------------
|0| | | | | | | | | | | | | | | | | 
-----------------------------------
|1| | | | | | | |O| | | | | | | | | 
-----------------------------------
|2| | | | | |#| |O| |#| |#| | | | | 
-----------------------------------
|3| | | | | |#| |O| |#| |#| | | |?| 
-----------------------------------
|4| | | |O| |#| |#| |#| |#| |#| |#| 
-----------------------------------
|5| | | | | |O| |O| |O| | | | | |O| 
-----------------------------------
|6| | | | | | | |O| | | | | | | | | 
-----------------------------------
|7| | | | | | | | | | | | | | | | | 
-----------------------------------
oppositecolore: 12,owncolor: 9

step 17:owncolor :1, pos: (2,6)
-----------------------------------
|@| |0| |1| |2| |3| |4| |5| |6| |7|
-----------------------------------
|0| | | | | | | | | | | | | | | | | 
-----------------------------------
|1| | | | | | | |O| | | | | | | | | 
-----------------------------------
|2| | | | | |#| |O| |O| |O| |O| | | 
-----------------------------------
|3| | | | | |#| |O| |#| |O| | | | | 
-----------------------------------
|4| | | |O| |#| |#| |O| |#| |#| |#| 
-----------------------------------
|5| | | | | |O| |O| |O| | | | | |O| 
-----------------------------------
|6| | | | | | | |O| | | | | | | | | 
-----------------------------------
|7| | | | | | | | | | | | | | | | | 
-----------------------------------
oppositecolore: 8,owncolor: 14

step 18:oppositecolor :0, pos: (0,3)
-----------------------------------
|@| |0| |1| |2| |3| |4| |5| |6| |7|
-----------------------------------
|0| | | | | |?| |#| |?| | | | | | | 
-----------------------------------
|1| | | | | | | |#| | | | | | | | | 
-----------------------------------
|2| | | | | |#| |#| |O| |O| |O| | | 
-----------------------------------
|3| | | | | |#| |#| |#| |O| | | | | 
-----------------------------------
|4| | | |O| |#| |#| |O| |#| |#| |#| 
-----------------------------------
|5| | | | | |O| |O| |O| | | | | |O| 
-----------------------------------
|6| | | | | | | |O| | | | | | | | | 
-----------------------------------
|7| | | | | | | | | | | | | | | | | 
-----------------------------------
oppositecolore: 12,owncolor: 11

step 19:owncolor :1, pos: (3,7)
-----------------------------------
|@| |0| |1| |2| |3| |4| |5| |6| |7|
-----------------------------------
|0| | | | | | | |#| | | | | | | | | 
-----------------------------------
|1| | | | | | | |#| | | | | | | | | 
-----------------------------------
|2| | | | | |#| |#| |O| |O| |O| | | 
-----------------------------------
|3| | | | | |#| |#| |#| |O| | | |O| 
-----------------------------------
|4| | | |O| |#| |#| |O| |#| |#| |O| 
-----------------------------------
|5| | | | | |O| |O| |O| | | | | |O| 
-----------------------------------
|6| | | | | | | |O| | | | | | | | | 
-----------------------------------
|7| | | | | | | | | | | | | | | | | 
-----------------------------------
oppositecolore: 11,owncolor: 13

step 20:oppositecolor :0, pos: (7,3)
-----------------------------------
|@| |0| |1| |2| |3| |4| |5| |6| |7|
-----------------------------------
|0| | | | | | | |#| | | | | | | | | 
-----------------------------------
|1| | | | | | | |#| | | | | | | | | 
-----------------------------------
|2| | | | | |#| |#| |O| |O| |O| | | 
-----------------------------------
|3| | | | | |#| |#| |#| |O| | | |O| 
-----------------------------------
|4| | | |O| |#| |#| |O| |#| |#| |O| 
-----------------------------------
|5| | | | | |O| |#| |O| | | | | |O| 
-----------------------------------
|6| | | | | | | |#| | | | | | | | | 
-----------------------------------
|7| | | | | |?| |#| |?| | | | | | | 
-----------------------------------
oppositecolore: 14,owncolor: 11

step 21:owncolor :1, pos: (2,1)
-----------------------------------
|@| |0| |1| |2| |3| |4| |5| |6| |7|
-----------------------------------
|0| | | | | | | |#| | | | | | | | | 
-----------------------------------
|1| | | | | | | |#| | | | | | | | | 
-----------------------------------
|2| | | |O| |O| |O| |O| |O| |O| | | 
-----------------------------------
|3| | | | | |O| |#| |#| |O| | | |O| 
-----------------------------------
|4| | | |O| |#| |O| |O| |#| |#| |O| 
-----------------------------------
|5| | | | | |O| |#| |O| | | | | |O| 
-----------------------------------
|6| | | | | | | |#| | | | | | | | | 
-----------------------------------
|7| | | | | | | |#| | | | | | | | | 
-----------------------------------
oppositecolore: 10,owncolor: 16

step 22:oppositecolor :0, pos: (3,0)
-----------------------------------
|@| |0| |1| |2| |3| |4| |5| |6| |7|
-----------------------------------
|0| | | | | | | |#| | | | | | | | | 
-----------------------------------
|1| | | | | | | |#| | | | | | | | | 
-----------------------------------
|2| |?| |O| |O| |O| |O| |O| |O| | | 
-----------------------------------
|3| |#| |?| |O| |#| |#| |O| | | |O| 
-----------------------------------
|4| |?| |#| |#| |O| |O| |#| |#| |O| 
-----------------------------------
|5| | | | | |#| |#| |O| | | | | |O| 
-----------------------------------
|6| | | | | | | |#| | | | | | | | | 
-----------------------------------
|7| | | | | | | |#| | | | | | | | | 
-----------------------------------
oppositecolore: 13,owncolor: 14

step 23:owncolor :1, pos: (5,1)
-----------------------------------
|@| |0| |1| |2| |3| |4| |5| |6| |7|
-----------------------------------
|0| | | | | | | |#| | | | | | | | | 
-----------------------------------
|1| | | | | | | |#| | | | | | | | | 
-----------------------------------
|2| | | |O| |O| |O| |O| |O| |O| | | 
-----------------------------------
|3| |#| | | |O| |O| |#| |O| | | |O| 
-----------------------------------
|4| | | |#| |O| |O| |O| |#| |#| |O| 
-----------------------------------
|5| | | |O| |O| |O| |O| | | | | |O| 
-----------------------------------
|6| | | | | | | |#| | | | | | | | | 
-----------------------------------
|7| | | | | | | |#| | | | | | | | | 
-----------------------------------
oppositecolore: 9,owncolor: 19

step 24:oppositecolor :0, pos: (1,4)
-----------------------------------
|@| |0| |1| |2| |3| |4| |5| |6| |7|
-----------------------------------
|0| | | | | | | |#| |?| | | | | | | 
-----------------------------------
|1| | | | | | | |#| |#| |?| | | | | 
-----------------------------------
|2| | | |O| |O| |#| |#| |O| |O| | | 
-----------------------------------
|3| |#| | | |#| |O| |#| |O| | | |O| 
-----------------------------------
|4| | | |#| |O| |O| |O| |#| |#| |O| 
-----------------------------------
|5| | | |O| |O| |O| |O| | | | | |O| 
-----------------------------------
|6| | | | | | | |#| | | | | | | | | 
-----------------------------------
|7| | | | | | | |#| | | | | | | | | 
-----------------------------------
oppositecolore: 13,owncolor: 16

step 25:owncolor :1, pos: (5,5)
-----------------------------------
|@| |0| |1| |2| |3| |4| |5| |6| |7|
-----------------------------------
|0| | | | | | | |#| | | | | | | | | 
-----------------------------------
|1| | | | | | | |#| |#| | | | | | | 
-----------------------------------
|2| | | |O| |O| |#| |#| |O| |O| | | 
-----------------------------------
|3| |#| | | |#| |O| |#| |O| | | |O| 
-----------------------------------
|4| | | |#| |O| |O| |O| |O| |O| |O| 
-----------------------------------
|5| | | |O| |O| |O| |O| |O| | | |O| 
-----------------------------------
|6| | | | | | | |#| | | | | | | | | 
-----------------------------------
|7| | | | | | | |#| | | | | | | | | 
-----------------------------------
oppositecolore: 11,owncolor: 19

step 26:oppositecolor :0, pos: (2,7)
-----------------------------------
|@| |0| |1| |2| |3| |4| |5| |6| |7|
-----------------------------------
|0| | | | | | | |#| | | | | | | | | 
-----------------------------------
|1| | | | | | | |#| |#| | | | | |?| 
-----------------------------------
|2| | | |O| |O| |#| |#| |#| |#| |#| 
-----------------------------------
|3| |#| | | |#| |O| |#| |O| | | |O| 
-----------------------------------
|4| | | |#| |O| |O| |O| |O| |O| |O| 
-----------------------------------
|5| | | |O| |O| |O| |O| |O| | | |O| 
-----------------------------------
|6| | | | | | | |#| | | | | | | | | 
-----------------------------------
|7| | | | | | | |#| | | | | | | | | 
-----------------------------------
oppositecolore: 14,owncolor: 17

step 27:owncolor :1, pos: (0,4)
-----------------------------------
|@| |0| |1| |2| |3| |4| |5| |6| |7|
-----------------------------------
|0| | | | | | | |#| |O| | | | | | | 
-----------------------------------
|1| | | | | | | |O| |O| | | | | | | 
-----------------------------------
|2| | | |O| |O| |#| |O| |#| |#| |#| 
-----------------------------------
|3| |#| | | |#| |O| |O| |O| | | |O| 
-----------------------------------
|4| | | |#| |O| |O| |O| |O| |O| |O| 
-----------------------------------
|5| | | |O| |O| |O| |O| |O| | | |O| 
-----------------------------------
|6| | | | | | | |#| | | | | | | | | 
-----------------------------------
|7| | | | | | | |#| | | | | | | | | 
-----------------------------------
oppositecolore: 10,owncolor: 22

step 28:oppositecolor :0, pos: (3,6)
-----------------------------------
|@| |0| |1| |2| |3| |4| |5| |6| |7|
-----------------------------------
|0| | | | | | | |#| |O| | | | | | | 
-----------------------------------
|1| | | | | | | |O| |O| | | | | | | 
-----------------------------------
|2| | | |O| |O| |#| |O| |#| |#| |#| 
-----------------------------------
|3| |#| | | |#| |#| |#| |#| |#| |O| 
-----------------------------------
|4| | | |#| |O| |O| |O| |#| |O| |O| 
-----------------------------------
|5| | | |O| |O| |O| |#| |O| | | |O| 
-----------------------------------
|6| | | | | | | |#| | | | | | | | | 
-----------------------------------
|7| | | | | | | |#| | | | | | | | | 
-----------------------------------
oppositecolore: 16,owncolor: 17

step 29:owncolor :1, pos: (3,1)
-----------------------------------
|@| |0| |1| |2| |3| |4| |5| |6| |7|
-----------------------------------
|0| | | | | | | |#| |O| | | | | | | 
-----------------------------------
|1| | | | | | | |O| |O| | | | | | | 
-----------------------------------
|2| | | |O| |O| |#| |O| |#| |#| |#| 
-----------------------------------
|3| |#| |O| |O| |O| |O| |O| |O| |O| 
-----------------------------------
|4| | | |O| |O| |O| |O| |#| |O| |O| 
-----------------------------------
|5| | | |O| |O| |O| |#| |O| | | |O| 
-----------------------------------
|6| | | | | | | |#| | | | | | | | | 
-----------------------------------
|7| | | | | | | |#| | | | | | | | | 
-----------------------------------
oppositecolore: 10,owncolor: 24

step 30:oppositecolor :0, pos: (5,0)
-----------------------------------
|@| |0| |1| |2| |3| |4| |5| |6| |7|
-----------------------------------
|0| | | | | | | |#| |O| | | | | | | 
-----------------------------------
|1| | | | | | | |O| |O| | | | | | | 
-----------------------------------
|2| | | |O| |O| |#| |O| |#| |#| |#| 
-----------------------------------
|3| |#| |O| |#| |O| |O| |O| |O| |O| 
-----------------------------------
|4| |?| |#| |O| |O| |O| |#| |O| |O| 
-----------------------------------
|5| |#| |#| |#| |#| |#| |O| | | |O| 
-----------------------------------
|6| |?| | | | | |#| | | | | | | | | 
-----------------------------------
|7| | | | | | | |#| | | | | | | | | 
-----------------------------------
oppositecolore: 16,owncolor: 19

step 31:owncolor :1, pos: (7,2)
-----------------------------------
|@| |0| |1| |2| |3| |4| |5| |6| |7|
-----------------------------------
|0| | | | | | | |#| |O| | | | | | | 
-----------------------------------
|1| | | | | | | |O| |O| | | | | | | 
-----------------------------------
|2| | | |O| |O| |#| |O| |#| |#| |#| 
-----------------------------------
|3| |#| |O| |#| |O| |O| |O| |O| |O| 
-----------------------------------
|4| | | |#| |O| |O| |O| |O| |O| |O| 
-----------------------------------
|5| |#| |#| |#| |#| |O| |O| | | |O| 
-----------------------------------
|6| | | | | | | |O| | | | | | | | | 
-----------------------------------
|7| | | | | |O| |#| | | | | | | | | 
-----------------------------------
oppositecolore: 13,owncolor: 23

step 32:oppositecolor :0, pos: (2,0)
-----------------------------------
|@| |0| |1| |2| |3| |4| |5| |6| |7|
-----------------------------------
|0| | | | | | | |#| |O| | | | | | | 
-----------------------------------
|1| |?| | | | | |O| |O| | | | | | | 
-----------------------------------
|2| |#| |#| |#| |#| |O| |#| |#| |#| 
-----------------------------------
|3| |#| |#| |#| |O| |O| |O| |O| |O| 
-----------------------------------
|4| | | |#| |#| |O| |O| |O| |O| |O| 
-----------------------------------
|5| |#| |#| |#| |#| |O| |O| | | |O| 
-----------------------------------
|6| | | | | | | |O| | | | | | | | | 
-----------------------------------
|7| | | | | |O| |#| | | | | | | | | 
-----------------------------------
oppositecolore: 18,owncolor: 19

step 33:owncolor :1, pos: (4,0)
-----------------------------------
|@| |0| |1| |2| |3| |4| |5| |6| |7|
-----------------------------------
|0| | | | | | | |#| |O| | | | | | | 
-----------------------------------
|1| | | | | | | |O| |O| | | | | | | 
-----------------------------------
|2| |#| |#| |O| |#| |O| |#| |#| |#| 
-----------------------------------
|3| |#| |O| |#| |O| |O| |O| |O| |O| 
-----------------------------------
|4| |O| |O| |O| |O| |O| |O| |O| |O| 
-----------------------------------
|5| |#| |#| |#| |#| |O| |O| | | |O| 
-----------------------------------
|6| | | | | | | |O| | | | | | | | | 
-----------------------------------
|7| | | | | |O| |#| | | | | | | | | 
-----------------------------------
oppositecolore: 14,owncolor: 24

step 34:oppositecolor :0, pos: (5,6)
-----------------------------------
|@| |0| |1| |2| |3| |4| |5| |6| |7|
-----------------------------------
|0| | | | | | | |#| |O| | | | | | | 
-----------------------------------
|1| | | | | | | |O| |O| | | | | | | 
-----------------------------------
|2| |#| |#| |O| |#| |O| |#| |#| |#| 
-----------------------------------
|3| |#| |O| |#| |O| |#| |O| |#| |O| 
-----------------------------------
|4| |O| |O| |O| |O| |O| |#| |#| |O| 
-----------------------------------
|5| |#| |#| |#| |#| |#| |#| |#| |O| 
-----------------------------------
|6| | | | | | | |O| | | | | |?| | | 
-----------------------------------
|7| | | | | |O| |#| | | | | | | | | 
-----------------------------------
oppositecolore: 21,owncolor: 18

step 35:owncolor :1, pos: (6,4)
-----------------------------------
|@| |0| |1| |2| |3| |4| |5| |6| |7|
-----------------------------------
|0| | | | | | | |#| |O| | | | | | | 
-----------------------------------
|1| | | | | | | |O| |O| | | | | | | 
-----------------------------------
|2| |#| |#| |O| |#| |O| |#| |#| |#| 
-----------------------------------
|3| |#| |O| |#| |O| |#| |O| |#| |O| 
-----------------------------------
|4| |O| |O| |O| |O| |O| |#| |O| |O| 
-----------------------------------
|5| |#| |#| |#| |O| |O| |O| |#| |O| 
-----------------------------------
|6| | | | | | | |O| |O| | | | | | | 
-----------------------------------
|7| | | | | |O| |#| | | | | | | | | 
-----------------------------------
oppositecolore: 17,owncolor: 23

step 36:oppositecolor :0, pos: (0,5)
-----------------------------------
|@| |0| |1| |2| |3| |4| |5| |6| |7|
-----------------------------------
|0| | | | | | | |#| |#| |#| |?| | | 
-----------------------------------
|1| | | | | | | |O| |#| |?| | | | | 
-----------------------------------
|2| |#| |#| |O| |#| |O| |#| |#| |#| 
-----------------------------------
|3| |#| |O| |#| |O| |#| |O| |#| |O| 
-----------------------------------
|4| |O| |O| |O| |O| |O| |#| |O| |O| 
-----------------------------------
|5| |#| |#| |#| |O| |O| |O| |#| |O| 
-----------------------------------
|6| | | | | | | |O| |O| | | | | | | 
-----------------------------------
|7| | | | | |O| |#| | | | | | | | | 
-----------------------------------
oppositecolore: 20,owncolor: 21

step 37:owncolor :1, pos: (1,6)
-----------------------------------
|@| |0| |1| |2| |3| |4| |5| |6| |7|
-----------------------------------
|0| | | | | | | |#| |#| |#| | | | | 
-----------------------------------
|1| | | | | | | |O| |#| | | |O| | | 
-----------------------------------
|2| |#| |#| |O| |#| |O| |O| |O| |#| 
-----------------------------------
|3| |#| |O| |#| |O| |O| |O| |O| |O| 
-----------------------------------
|4| |O| |O| |O| |O| |O| |#| |O| |O| 
-----------------------------------
|5| |#| |#| |#| |O| |O| |O| |#| |O| 
-----------------------------------
|6| | | | | | | |O| |O| | | | | | | 
-----------------------------------
|7| | | | | |O| |#| | | | | | | | | 
-----------------------------------
oppositecolore: 16,owncolor: 26

step 38:oppositecolor :0, pos: (0,7)
-----------------------------------
|@| |0| |1| |2| |3| |4| |5| |6| |7|
-----------------------------------
|0| | | | | | | |#| |#| |#| |?| |#| 
-----------------------------------
|1| | | | | | | |O| |#| | | |#| |?| 
-----------------------------------
|2| |#| |#| |O| |#| |O| |#| |O| |#| 
-----------------------------------
|3| |#| |O| |#| |O| |#| |O| |O| |O| 
-----------------------------------
|4| |O| |O| |O| |#| |O| |#| |O| |O| 
-----------------------------------
|5| |#| |#| |#| |O| |O| |O| |#| |O| 
-----------------------------------
|6| | | | | | | |O| |O| | | | | | | 
-----------------------------------
|7| | | | | |O| |#| | | | | | | | | 
-----------------------------------
oppositecolore: 21,owncolor: 22

step 39:owncolor :1, pos: (1,0)
-----------------------------------
|@| |0| |1| |2| |3| |4| |5| |6| |7|
-----------------------------------
|0| | | | | | | |#| |#| |#| | | |#| 
-----------------------------------
|1| |O| | | | | |O| |#| | | |#| | | 
-----------------------------------
|2| |O| |O| |O| |#| |O| |#| |O| |#| 
-----------------------------------
|3| |O| |O| |O| |O| |#| |O| |O| |O| 
-----------------------------------
|4| |O| |O| |O| |O| |O| |#| |O| |O| 
-----------------------------------
|5| |#| |#| |#| |O| |O| |O| |#| |O| 
-----------------------------------
|6| | | | | | | |O| |O| | | | | | | 
-----------------------------------
|7| | | | | |O| |#| | | | | | | | | 
-----------------------------------
oppositecolore: 16,owncolor: 28

step 40:oppositecolor :0, pos: (7,4)
-----------------------------------
|@| |0| |1| |2| |3| |4| |5| |6| |7|
-----------------------------------
|0| | | | | | | |#| |#| |#| | | |#| 
-----------------------------------
|1| |O| | | | | |O| |#| | | |#| | | 
-----------------------------------
|2| |O| |O| |O| |#| |O| |#| |O| |#| 
-----------------------------------
|3| |O| |O| |O| |O| |#| |O| |O| |O| 
-----------------------------------
|4| |O| |O| |O| |O| |#| |#| |O| |O| 
-----------------------------------
|5| |#| |#| |#| |O| |#| |O| |#| |O| 
-----------------------------------
|6| | | | | | | |#| |#| | | | | | | 
-----------------------------------
|7| | | | | |O| |#| |#| |?| | | | | 
-----------------------------------
oppositecolore: 21,owncolor: 24

step 41:owncolor :1, pos: (1,5)
-----------------------------------
|@| |0| |1| |2| |3| |4| |5| |6| |7|
-----------------------------------
|0| | | | | | | |#| |#| |#| | | |#| 
-----------------------------------
|1| |O| | | | | |O| |O| |O| |#| | | 
-----------------------------------
|2| |O| |O| |O| |#| |O| |O| |O| |#| 
-----------------------------------
|3| |O| |O| |O| |O| |#| |O| |O| |O| 
-----------------------------------
|4| |O| |O| |O| |O| |#| |#| |O| |O| 
-----------------------------------
|5| |#| |#| |#| |O| |#| |O| |#| |O| 
-----------------------------------
|6| | | | | | | |#| |#| | | | | | | 
-----------------------------------
|7| | | | | |O| |#| |#| | | | | | | 
-----------------------------------
oppositecolore: 19,owncolor: 27

step 42:oppositecolor :0, pos: (0,0)
-----------------------------------
|@| |0| |1| |2| |3| |4| |5| |6| |7|
-----------------------------------
|0| |#| |?| | | |#| |#| |#| | | |#| 
-----------------------------------
|1| |#| | | | | |O| |O| |O| |#| | | 
-----------------------------------
|2| |#| |O| |O| |#| |O| |O| |O| |#| 
-----------------------------------
|3| |#| |O| |O| |O| |#| |O| |O| |O| 
-----------------------------------
|4| |#| |O| |O| |O| |#| |#| |O| |O| 
-----------------------------------
|5| |#| |#| |#| |O| |#| |O| |#| |O| 
-----------------------------------
|6| | | | | | | |#| |#| | | | | | | 
-----------------------------------
|7| | | | | |O| |#| |#| | | | | | | 
-----------------------------------
oppositecolore: 24,owncolor: 23

step 43:owncolor :1, pos: (7,5)
-----------------------------------
|@| |0| |1| |2| |3| |4| |5| |6| |7|
-----------------------------------
|0| |#| | | | | |#| |#| |#| | | |#| 
-----------------------------------
|1| |#| | | | | |O| |O| |O| |#| | | 
-----------------------------------
|2| |#| |O| |O| |#| |O| |O| |O| |#| 
-----------------------------------
|3| |#| |O| |O| |O| |#| |O| |O| |O| 
-----------------------------------
|4| |#| |O| |O| |O| |#| |#| |O| |O| 
-----------------------------------
|5| |#| |#| |#| |O| |#| |O| |#| |O| 
-----------------------------------
|6| | | | | | | |#| |O| | | | | | | 
-----------------------------------
|7| | | | | |O| |O| |O| |O| | | | | 
-----------------------------------
oppositecolore: 21,owncolor: 27

step 44:oppositecolor :0, pos: (1,1)
-----------------------------------
|@| |0| |1| |2| |3| |4| |5| |6| |7|
-----------------------------------
|0| |#| |?| | | |#| |#| |#| | | |#| 
-----------------------------------
|1| |#| |#| |?| |O| |O| |O| |#| | | 
-----------------------------------
|2| |#| |#| |#| |#| |O| |O| |O| |#| 
-----------------------------------
|3| |#| |#| |O| |#| |#| |O| |O| |O| 
-----------------------------------
|4| |#| |#| |O| |O| |#| |#| |O| |O| 
-----------------------------------
|5| |#| |#| |#| |O| |#| |O| |#| |O| 
-----------------------------------
|6| | | | | | | |#| |O| | | | | | | 
-----------------------------------
|7| | | | | |O| |O| |O| |O| | | | | 
-----------------------------------
oppositecolore: 27,owncolor: 22

step 45:owncolor :1, pos: (6,5)
-----------------------------------
|@| |0| |1| |2| |3| |4| |5| |6| |7|
-----------------------------------
|0| |#| | | | | |#| |#| |#| | | |#| 
-----------------------------------
|1| |#| |#| | | |O| |O| |O| |#| | | 
-----------------------------------
|2| |#| |#| |#| |#| |O| |O| |O| |#| 
-----------------------------------
|3| |#| |#| |O| |#| |#| |O| |O| |O| 
-----------------------------------
|4| |#| |#| |O| |O| |#| |#| |O| |O| 
-----------------------------------
|5| |#| |#| |#| |O| |O| |O| |O| |O| 
-----------------------------------
|6| | | | | | | |#| |O| |O| | | | | 
-----------------------------------
|7| | | | | |O| |O| |O| |O| | | | | 
-----------------------------------
oppositecolore: 25,owncolor: 25

step 46:oppositecolor :0, pos: (0,6)
-----------------------------------
|@| |0| |1| |2| |3| |4| |5| |6| |7|
-----------------------------------
|0| |#| | | | | |#| |#| |#| |#| |#| 
-----------------------------------
|1| |#| |#| | | |O| |O| |#| |#| | | 
-----------------------------------
|2| |#| |#| |#| |#| |#| |O| |O| |#| 
-----------------------------------
|3| |#| |#| |O| |#| |#| |O| |O| |O| 
-----------------------------------
|4| |#| |#| |O| |O| |#| |#| |O| |O| 
-----------------------------------
|5| |#| |#| |#| |O| |O| |O| |O| |O| 
-----------------------------------
|6| | | | | | | |#| |O| |O| | | | | 
-----------------------------------
|7| | | | | |O| |O| |O| |O| | | | | 
-----------------------------------
oppositecolore: 28,owncolor: 23

step 47:owncolor :1, pos: (1,2)
-----------------------------------
|@| |0| |1| |2| |3| |4| |5| |6| |7|
-----------------------------------
|0| |#| | | | | |#| |#| |#| |#| |#| 
-----------------------------------
|1| |#| |#| |O| |O| |O| |#| |#| | | 
-----------------------------------
|2| |#| |#| |O| |O| |#| |O| |O| |#| 
-----------------------------------
|3| |#| |#| |O| |#| |O| |O| |O| |O| 
-----------------------------------
|4| |#| |#| |O| |O| |#| |O| |O| |O| 
-----------------------------------
|5| |#| |#| |#| |O| |O| |O| |O| |O| 
-----------------------------------
|6| | | | | | | |#| |O| |O| | | | | 
-----------------------------------
|7| | | | | |O| |O| |O| |O| | | | | 
-----------------------------------
oppositecolore: 24,owncolor: 28

step 48:oppositecolor :0, pos: (6,6)
-----------------------------------
|@| |0| |1| |2| |3| |4| |5| |6| |7|
-----------------------------------
|0| |#| | | | | |#| |#| |#| |#| |#| 
-----------------------------------
|1| |#| |#| |O| |O| |O| |#| |#| | | 
-----------------------------------
|2| |#| |#| |O| |O| |#| |O| |#| |#| 
-----------------------------------
|3| |#| |#| |O| |#| |O| |O| |#| |O| 
-----------------------------------
|4| |#| |#| |O| |O| |#| |O| |#| |O| 
-----------------------------------
|5| |#| |#| |#| |O| |O| |#| |#| |O| 
-----------------------------------
|6| | | | | | | |#| |#| |#| |#| |?| 
-----------------------------------
|7| | | | | |O| |O| |O| |O| |?| | | 
-----------------------------------
oppositecolore: 32,owncolor: 21

step 49:owncolor :1, pos: (7,7)
-----------------------------------
|@| |0| |1| |2| |3| |4| |5| |6| |7|
-----------------------------------
|0| |#| | | | | |#| |#| |#| |#| |#| 
-----------------------------------
|1| |#| |#| |O| |O| |O| |#| |#| | | 
-----------------------------------
|2| |#| |#| |O| |O| |#| |O| |#| |#| 
-----------------------------------
|3| |#| |#| |O| |O| |O| |O| |#| |O| 
-----------------------------------
|4| |#| |#| |O| |O| |O| |O| |#| |O| 
-----------------------------------
|5| |#| |#| |#| |O| |O| |O| |#| |O| 
-----------------------------------
|6| | | | | | | |#| |#| |#| |O| | | 
-----------------------------------
|7| | | | | |O| |O| |O| |O| | | |O| 
-----------------------------------
oppositecolore: 28,owncolor: 26

step 50:oppositecolor :0, pos: (0,2)
-----------------------------------
|@| |0| |1| |2| |3| |4| |5| |6| |7|
-----------------------------------
|0| |#| |?| |#| |#| |#| |#| |#| |#| 
-----------------------------------
|1| |#| |#| |#| |#| |O| |#| |#| | | 
-----------------------------------
|2| |#| |#| |#| |O| |#| |O| |#| |#| 
-----------------------------------
|3| |#| |#| |#| |O| |O| |O| |#| |O| 
-----------------------------------
|4| |#| |#| |#| |O| |O| |O| |#| |O| 
-----------------------------------
|5| |#| |#| |#| |O| |O| |O| |#| |O| 
-----------------------------------
|6| | | | | | | |#| |#| |#| |O| | | 
-----------------------------------
|7| | | | | |O| |O| |O| |O| | | |O| 
-----------------------------------
oppositecolore: 34,owncolor: 21

step 51:owncolor :1, pos: (7,6)
-----------------------------------
|@| |0| |1| |2| |3| |4| |5| |6| |7|
-----------------------------------
|0| |#| | | |#| |#| |#| |#| |#| |#| 
-----------------------------------
|1| |#| |#| |#| |#| |O| |#| |#| | | 
-----------------------------------
|2| |#| |#| |#| |O| |#| |O| |#| |#| 
-----------------------------------
|3| |#| |#| |#| |O| |O| |O| |#| |O| 
-----------------------------------
|4| |#| |#| |#| |O| |O| |O| |#| |O| 
-----------------------------------
|5| |#| |#| |#| |O| |O| |O| |#| |O| 
-----------------------------------
|6| | | | | | | |#| |#| |O| |O| | | 
-----------------------------------
|7| | | | | |O| |O| |O| |O| |O| |O| 
-----------------------------------
oppositecolore: 33,owncolor: 23

step 52:oppositecolor :0, pos: (6,7)
-----------------------------------
|@| |0| |1| |2| |3| |4| |5| |6| |7|
-----------------------------------
|0| |#| | | |#| |#| |#| |#| |#| |#| 
-----------------------------------
|1| |#| |#| |#| |#| |O| |#| |#| | | 
-----------------------------------
|2| |#| |#| |#| |O| |#| |O| |#| |#| 
-----------------------------------
|3| |#| |#| |#| |O| |O| |O| |#| |#| 
-----------------------------------
|4| |#| |#| |#| |O| |O| |O| |#| |#| 
-----------------------------------
|5| |#| |#| |#| |O| |O| |O| |#| |#| 
-----------------------------------
|6| | | | | | | |#| |#| |#| |#| |#| 
-----------------------------------
|7| | | | | |O| |O| |O| |O| |O| |O| 
-----------------------------------
oppositecolore: 39,owncolor: 18

step 53:owncolor :1, pos: (1,7)
-----------------------------------
|@| |0| |1| |2| |3| |4| |5| |6| |7|
-----------------------------------
|0| |#| | | |#| |#| |#| |#| |#| |#| 
-----------------------------------
|1| |#| |#| |#| |#| |O| |O| |O| |O| 
-----------------------------------
|2| |#| |#| |#| |O| |#| |O| |O| |O| 
-----------------------------------
|3| |#| |#| |#| |O| |O| |O| |#| |O| 
-----------------------------------
|4| |#| |#| |#| |O| |O| |O| |#| |O| 
-----------------------------------
|5| |#| |#| |#| |O| |O| |O| |#| |O| 
-----------------------------------
|6| | | | | | | |#| |#| |#| |#| |O| 
-----------------------------------
|7| | | | | |O| |O| |O| |O| |O| |O| 
-----------------------------------
oppositecolore: 31,owncolor: 27

step 54:oppositecolor :0, pos: (-1,-1)
-----------------------------------
|@| |0| |1| |2| |3| |4| |5| |6| |7|
-----------------------------------
|0| |#| | | |#| |#| |#| |#| |#| |#| 
-----------------------------------
|1| |#| |#| |#| |#| |O| |O| |O| |O| 
-----------------------------------
|2| |#| |#| |#| |O| |#| |O| |O| |O| 
-----------------------------------
|3| |#| |#| |#| |O| |O| |O| |#| |O| 
-----------------------------------
|4| |#| |#| |#| |O| |O| |O| |#| |O| 
-----------------------------------
|5| |#| |#| |#| |O| |O| |O| |#| |O| 
-----------------------------------
|6| | | | | | | |#| |#| |#| |#| |O| 
-----------------------------------
|7| | | | | |O| |O| |O| |O| |O| |O| 
-----------------------------------
oppositecolore: 31,owncolor: 27

step 55:owncolor :1, pos: (6,2)
-----------------------------------
|@| |0| |1| |2| |3| |4| |5| |6| |7|
-----------------------------------
|0| |#| | | |#| |#| |#| |#| |#| |#| 
-----------------------------------
|1| |#| |#| |#| |#| |O| |O| |O| |O| 
-----------------------------------
|2| |#| |#| |#| |O| |#| |O| |O| |O| 
-----------------------------------
|3| |#| |#| |#| |O| |O| |O| |#| |O| 
-----------------------------------
|4| |#| |#| |#| |O| |O| |O| |#| |O| 
-----------------------------------
|5| |#| |#| |#| |O| |O| |O| |#| |O| 
-----------------------------------
|6| | | | | |O| |O| |O| |O| |O| |O| 
-----------------------------------
|7| | | | | |O| |O| |O| |O| |O| |O| 
-----------------------------------
oppositecolore: 27,owncolor: 32

step 56:oppositecolor :0, pos: (-1,-1)
-----------------------------------
|@| |0| |1| |2| |3| |4| |5| |6| |7|
-----------------------------------
|0| |#| | | |#| |#| |#| |#| |#| |#| 
-----------------------------------
|1| |#| |#| |#| |#| |O| |O| |O| |O| 
-----------------------------------
|2| |#| |#| |#| |O| |#| |O| |O| |O| 
-----------------------------------
|3| |#| |#| |#| |O| |O| |O| |#| |O| 
-----------------------------------
|4| |#| |#| |#| |O| |O| |O| |#| |O| 
-----------------------------------
|5| |#| |#| |#| |O| |O| |O| |#| |O| 
-----------------------------------
|6| | | | | |O| |O| |O| |O| |O| |O| 
-----------------------------------
|7| | | | | |O| |O| |O| |O| |O| |O| 
-----------------------------------
oppositecolore: 27,owncolor: 32

step 57:owncolor :1, pos: (6,0)
-----------------------------------
|@| |0| |1| |2| |3| |4| |5| |6| |7|
-----------------------------------
|0| |#| | | |#| |#| |#| |#| |#| |#| 
-----------------------------------
|1| |#| |#| |#| |#| |O| |O| |O| |O| 
-----------------------------------
|2| |#| |#| |#| |O| |#| |O| |O| |O| 
-----------------------------------
|3| |#| |#| |#| |O| |O| |O| |#| |O| 
-----------------------------------
|4| |#| |#| |O| |O| |O| |O| |#| |O| 
-----------------------------------
|5| |#| |O| |#| |O| |O| |O| |#| |O| 
-----------------------------------
|6| |O| | | |O| |O| |O| |O| |O| |O| 
-----------------------------------
|7| | | | | |O| |O| |O| |O| |O| |O| 
-----------------------------------
oppositecolore: 25,owncolor: 35

step 58:oppositecolor :0, pos: (-1,-1)
-----------------------------------
|@| |0| |1| |2| |3| |4| |5| |6| |7|
-----------------------------------
|0| |#| | | |#| |#| |#| |#| |#| |#| 
-----------------------------------
|1| |#| |#| |#| |#| |O| |O| |O| |O| 
-----------------------------------
|2| |#| |#| |#| |O| |#| |O| |O| |O| 
-----------------------------------
|3| |#| |#| |#| |O| |O| |O| |#| |O| 
-----------------------------------
|4| |#| |#| |O| |O| |O| |O| |#| |O| 
-----------------------------------
|5| |#| |O| |#| |O| |O| |O| |#| |O| 
-----------------------------------
|6| |O| | | |O| |O| |O| |O| |O| |O| 
-----------------------------------
|7| | | | | |O| |O| |O| |O| |O| |O| 
-----------------------------------
oppositecolore: 25,owncolor: 35

step 59:owncolor :1, pos: (0,1)
-----------------------------------
|@| |0| |1| |2| |3| |4| |5| |6| |7|
-----------------------------------
|0| |#| |O| |#| |#| |#| |#| |#| |#| 
-----------------------------------
|1| |#| |O| |O| |#| |O| |O| |O| |O| 
-----------------------------------
|2| |#| |O| |#| |O| |#| |O| |O| |O| 
-----------------------------------
|3| |#| |O| |#| |O| |O| |O| |#| |O| 
-----------------------------------
|4| |#| |O| |O| |O| |O| |O| |#| |O| 
-----------------------------------
|5| |#| |O| |#| |O| |O| |O| |#| |O| 
-----------------------------------
|6| |O| | | |O| |O| |O| |O| |O| |O| 
-----------------------------------
|7| | | | | |O| |O| |O| |O| |O| |O| 
-----------------------------------
oppositecolore: 20,owncolor: 41

step 60:oppositecolor :0, pos: (7,0)
-----------------------------------
|@| |0| |1| |2| |3| |4| |5| |6| |7|
-----------------------------------
|0| |#| |O| |#| |#| |#| |#| |#| |#| 
-----------------------------------
|1| |#| |O| |O| |#| |O| |O| |O| |O| 
-----------------------------------
|2| |#| |O| |#| |O| |#| |O| |O| |O| 
-----------------------------------
|3| |#| |O| |#| |O| |O| |O| |#| |O| 
-----------------------------------
|4| |#| |O| |O| |O| |O| |O| |#| |O| 
-----------------------------------
|5| |#| |O| |#| |O| |O| |O| |#| |O| 
-----------------------------------
|6| |#| | | |O| |O| |O| |O| |O| |O| 
-----------------------------------
|7| |#| |?| |O| |O| |O| |O| |O| |O| 
-----------------------------------
oppositecolore: 22,owncolor: 40

step 61:owncolor :1, pos: (6,1)
-----------------------------------
|@| |0| |1| |2| |3| |4| |5| |6| |7|
-----------------------------------
|0| |#| |O| |#| |#| |#| |#| |#| |#| 
-----------------------------------
|1| |#| |O| |O| |#| |O| |O| |O| |O| 
-----------------------------------
|2| |#| |O| |#| |O| |#| |O| |O| |O| 
-----------------------------------
|3| |#| |O| |#| |O| |O| |O| |#| |O| 
-----------------------------------
|4| |#| |O| |O| |O| |O| |O| |#| |O| 
-----------------------------------
|5| |#| |O| |O| |O| |O| |O| |#| |O| 
-----------------------------------
|6| |#| |O| |O| |O| |O| |O| |O| |O| 
-----------------------------------
|7| |#| | | |O| |O| |O| |O| |O| |O| 
-----------------------------------
oppositecolore: 21,owncolor: 42

-----------------------------------
|@| |0| |1| |2| |3| |4| |5| |6| |7|
-----------------------------------
|0| |#| |O| |#| |#| |#| |#| |#| |#| 
-----------------------------------
|1| |#| |O| |O| |#| |O| |O| |O| |O| 
-----------------------------------
|2| |#| |O| |#| |O| |#| |O| |O| |O| 
-----------------------------------
|3| |#| |O| |#| |O| |O| |O| |#| |O| 
-----------------------------------
|4| |#| |O| |O| |O| |O| |O| |#| |O| 
-----------------------------------
|5| |#| |O| |O| |O| |O| |O| |#| |O| 
-----------------------------------
|6| |#| |O| |O| |O| |O| |O| |O| |O| 
-----------------------------------
|7| |#| | | |O| |O| |O| |O| |O| |O| 
-----------------------------------
oppositecolore: 21,owncolor: 42

