-----------------------------------
|@| |0| |1| |2| |3| |4| |5| |6| |7|
-----------------------------------
|0| | | | | | | | | | | | | | | | | 
-----------------------------------
|1| | | | | | | | | | | | | | | | | 
-----------------------------------
|2| | | | | | | | | | | | | | | | | 
-----------------------------------
|3| | | | | | | |#| |O| | | | | | | 
-----------------------------------
|4| | | | | | | |O| |#| | | | | | | 
-----------------------------------
|5| | | | | | | | | | | | | | | | | 
-----------------------------------
|6| | | | | | | | | | | | | | | | | 
-----------------------------------
|7| | | | | | | | | | | | | | | | | 
-----------------------------------
oppositecolore: 2,owncolor: 2

step 0:owncolor :0, pos: (2,4)
-----------------------------------
|@| |0| |1| |2| |3| |4| |5| |6| |7|
-----------------------------------
|0| | | | | | | | | | | | | | | | | 
-----------------------------------
|1| | | | | | | | | | | | | | | | | 
-----------------------------------
|2| | | | | | | | | |#| | | | | | | 
-----------------------------------
|3| | | | | | | |#| |#| | | | | | | 
-----------------------------------
|4| | | | | | | |O| |#| | | | | | | 
-----------------------------------
|5| | | | | | | | | | | | | | | | | 
-----------------------------------
|6| | | | | | | | | | | | | | | | | 
-----------------------------------
|7| | | | | | | | | | | | | | | | | 
-----------------------------------
oppositecolore: 1,owncolor: 4

step 1:oppositecolor :1, pos: (4,5)
-----------------------------------
|@| |0| |1| |2| |3| |4| |5| |6| |7|
-----------------------------------
|0| | | | | | | | | | | | | | | | | 
-----------------------------------
|1| | | | | | | | | | | | | | | | | 
-----------------------------------
|2| | | | | | | | | |#| | | | | | | 
-----------------------------------
|3| | | | | | | |#| |#| |?| | | | | 
-----------------------------------
|4| | | | | | | |O| |O| |O| |?| | | 
-----------------------------------
|5| | | | | | | | | | | |?| | | | | 
-----------------------------------
|6| | | | | | | | | | | | | | | | | 
-----------------------------------
|7| | | | | | | | | | | | | | | | | 
-----------------------------------
oppositecolore: 3,owncolor: 3

step 2:owncolor :0, pos: (5,4)
-----------------------------------
|@| |0| |1| |2| |3| |4| |5| |6| |7|
-----------------------------------
|0| | | | | | | | | | | | | | | | | 
-----------------------------------
|1| | | | | | | | | | | | | | | | | 
-----------------------------------
|2| | | | | | | | | |#| | | | | | | 
-----------------------------------
|3| | | | | | | |#| |#| | | | | | | 
-----------------------------------
|4| | | | | | | |O| |#| |O| | | | | 
-----------------------------------
|5| | | | | | | | | |#| | | | | | | 
-----------------------------------
|6| | | | | | | | | | | | | | | | | 
-----------------------------------
|7| | | | | | | | | | | | | | | | | 
-----------------------------------
oppositecolore: 2,owncolor: 5

step 3:oppositecolor :1, pos: (2,3)
-----------------------------------
|@| |0| |1| |2| |3| |4| |5| |6| |7|
-----------------------------------
|0| | | | | | | | | | | | | | | | | 
-----------------------------------
|1| | | | | | | |?| | | | | | | | | 
-----------------------------------
|2| | | | | |?| |O| |#| | | | | | | 
-----------------------------------
|3| | | | | | | |O| |O| | | | | | | 
-----------------------------------
|4| | | | | | | |O| |#| |O| | | | | 
-----------------------------------
|5| | | | | | | | | |#| | | | | | | 
-----------------------------------
|6| | | | | | | | | | | | | | | | | 
-----------------------------------
|7| | | | | | | | | | | | | | | | | 
-----------------------------------
oppositecolore: 5,owncolor: 3

step 4:owncolor :0, pos: (4,2)
-----------------------------------
|@| |0| |1| |2| |3| |4| |5| |6| |7|
-----------------------------------
|0| | | | | | | | | | | | | | | | | 
-----------------------------------
|1| | | | | | | | | | | | | | | | | 
-----------------------------------
|2| | | | | | | |O| |#| | | | | | | 
-----------------------------------
|3| | | | | | | |#| |O| | | | | | | 
-----------------------------------
|4| | | | | |#| |#| |#| |O| | | | | 
-----------------------------------
|5| | | | | | | | | |#| | | | | | | 
-----------------------------------
|6| | | | | | | | | | | | | | | | | 
-----------------------------------
|7| | | | | | | | | | | | | | | | | 
-----------------------------------
oppositecolore: 3,owncolor: 6

step 5:oppositecolor :1, pos: (5,3)
-----------------------------------
|@| |0| |1| |2| |3| |4| |5| |6| |7|
-----------------------------------
|0| | | | | | | | | | | | | | | | | 
-----------------------------------
|1| | | | | | | | | | | | | | | | | 
-----------------------------------
|2| | | | | | | |O| |#| | | | | | | 
-----------------------------------
|3| | | | | | | |O| |O| | | | | | | 
-----------------------------------
|4| | | | | |#| |O| |#| |O| | | | | 
-----------------------------------
|5| | | | | |?| |O| |#| | | | | | | 
-----------------------------------
|6| | | | | | | |?| | | | | | | | | 
-----------------------------------
|7| | | | | | | | | | | | | | | | | 
-----------------------------------
oppositecolore: 6,owncolor: 4

step 6:owncolor :0, pos: (2,2)
-----------------------------------
|@| |0| |1| |2| |3| |4| |5| |6| |7|
-----------------------------------
|0| | | | | | | | | | | | | | | | | 
-----------------------------------
|1| | | | | | | | | | | | | | | | | 
-----------------------------------
|2| | | | | |#| |#| |#| | | | | | | 
-----------------------------------
|3| | | | | | | |#| |O| | | | | | | 
-----------------------------------
|4| | | | | |#| |O| |#| |O| | | | | 
-----------------------------------
|5| | | | | | | |O| |#| | | | | | | 
-----------------------------------
|6| | | | | | | | | | | | | | | | | 
-----------------------------------
|7| | | | | | | | | | | | | | | | | 
-----------------------------------
oppositecolore: 4,owncolor: 7

step 7:oppositecolor :1, pos: (3,5)
-----------------------------------
|@| |0| |1| |2| |3| |4| |5| |6| |7|
-----------------------------------
|0| | | | | | | | | | | | | | | | | 
-----------------------------------
|1| | | | | | | | | | | | | | | | | 
-----------------------------------
|2| | | | | |#| |#| |#| |?| | | | | 
-----------------------------------
|3| | | | | | | |#| |O| |O| |?| | | 
-----------------------------------
|4| | | | | |#| |O| |O| |O| | | | | 
-----------------------------------
|5| | | | | | | |O| |#| | | | | | | 
-----------------------------------
|6| | | | | | | | | | | | | | | | | 
-----------------------------------
|7| | | | | | | | | | | | | | | | | 
-----------------------------------
oppositecolore: 6,owncolor: 6

step 8:owncolor :0, pos: (4,6)
-----------------------------------
|@| |0| |1| |2| |3| |4| |5| |6| |7|
-----------------------------------
|0| | | | | | | | | | | | | | | | | 
-----------------------------------
|1| | | | | | | | | | | | | | | | | 
-----------------------------------
|2| | | | | |#| |#| |#| | | | | | | 
-----------------------------------
|3| | | | | | | |#| |O| |#| | | | | 
-----------------------------------
|4| | | | | |#| |#| |#| |#| |#| | | 
-----------------------------------
|5| | | | | | | |O| |#| | | | | | | 
-----------------------------------
|6| | | | | | | | | | | | | | | | | 
-----------------------------------
|7| | | | | | | | | | | | | | | | | 
-----------------------------------
oppositecolore: 2,owncolor: 11

step 9:oppositecolor :1, pos: (1,3)
-----------------------------------
|@| |0| |1| |2| |3| |4| |5| |6| |7|
-----------------------------------
|0| | | | | | | |?| | | | | | | | | 
-----------------------------------
|1| | | | | |?| |O| |?| | | | | | | 
-----------------------------------
|2| | | | | |#| |O| |#| | | | | | | 
-----------------------------------
|3| | | | | | | |O| |O| |#| | | | | 
-----------------------------------
|4| | | | | |#| |O| |#| |#| |#| | | 
-----------------------------------
|5| | | | | | | |O| |#| | | | | | | 
-----------------------------------
|6| | | | | | | | | | | | | | | | | 
-----------------------------------
|7| | | | | | | | | | | | | | | | | 
-----------------------------------
oppositecolore: 6,owncolor: 8

step 10:owncolor :0, pos: (3,2)
-----------------------------------
|@| |0| |1| |2| |3| |4| |5| |6| |7|
-----------------------------------
|0| | | | | | | | | | | | | | | | | 
-----------------------------------
|1| | | | | | | |O| | | | | | | | | 
-----------------------------------
|2| | | | | |#| |O| |#| | | | | | | 
-----------------------------------
|3| | | | | |#| |#| |#| |#| | | | | 
-----------------------------------
|4| | | | | |#| |#| |#| |#| |#| | | 
-----------------------------------
|5| | | | | | | |O| |#| | | | | | | 
-----------------------------------
|6| | | | | | | | | | | | | | | | | 
-----------------------------------
|7| | | | | | | | | | | | | | | | | 
-----------------------------------
oppositecolore: 3,owncolor: 12

step 11:oppositecolor :1, pos: (5,7)
-----------------------------------
|@| |0| |1| |2| |3| |4| |5| |6| |7|
-----------------------------------
|0| | | | | | | | | | | | | | | | | 
-----------------------------------
|1| | | | | | | |O| | | | | | | | | 
-----------------------------------
|2| | | | | |#| |O| |O| | | | | | | 
-----------------------------------
|3| | | | | |#| |#| |#| |O| | | | | 
-----------------------------------
|4| | | | | |#| |#| |#| |#| |O| |?| 
-----------------------------------
|5| | | | | | | |O| |#| | | |?| |O| 
-----------------------------------
|6| | | | | | | | | | | | | | | |?| 
-----------------------------------
|7| | | | | | | | | | | | | | | | | 
-----------------------------------
oppositecolore: 7,owncolor: 9

step 12:owncolor :0, pos: (2,5)
-----------------------------------
|@| |0| |1| |2| |3| |4| |5| |6| |7|
-----------------------------------
|0| | | | | | | | | | | | | | | | | 
-----------------------------------
|1| | | | | | | |O| | | | | | | | | 
-----------------------------------
|2| | | | | |#| |#| |#| |#| | | | | 
-----------------------------------
|3| | | | | |#| |#| |#| |#| | | | | 
-----------------------------------
|4| | | | | |#| |#| |#| |#| |O| | | 
-----------------------------------
|5| | | | | | | |O| |#| | | | | |O| 
-----------------------------------
|6| | | | | | | | | | | | | | | | | 
-----------------------------------
|7| | | | | | | | | | | | | | | | | 
-----------------------------------
oppositecolore: 4,owncolor: 13

step 13:oppositecolor :1, pos: (4,1)
-----------------------------------
|@| |0| |1| |2| |3| |4| |5| |6| |7|
-----------------------------------
|0| | | | | | | | | | | | | | | | | 
-----------------------------------
|1| | | | | | | |O| | | | | | | | | 
-----------------------------------
|2| | | | | |#| |#| |#| |#| | | | | 
-----------------------------------
|3| | | |?| |#| |#| |#| |#| | | | | 
-----------------------------------
|4| |?| |O| |O| |O| |O| |O| |O| | | 
-----------------------------------
|5| | | |?| | | |O| |#| | | | | |O| 
-----------------------------------
|6| | | | | | | | | | | | | | | | | 
-----------------------------------
|7| | | | | | | | | | | | | | | | | 
-----------------------------------
oppositecolore: 9,owncolor: 9

step 14:owncolor :0, pos: (5,2)
-----------------------------------
|@| |0| |1| |2| |3| |4| |5| |6| |7|
-----------------------------------
|0| | | | | | | | | | | | | | | | | 
-----------------------------------
|1| | | | | | | |O| | | | | | | | | 
-----------------------------------
|2| | | | | |#| |#| |#| |#| | | | | 
-----------------------------------
|3| | | | | |#| |#| |#| |#| | | | | 
-----------------------------------
|4| | | |O| |#| |#| |O| |O| |O| | | 
-----------------------------------
|5| | | | | |#| |#| |#| | | | | |O| 
-----------------------------------
|6| | | | | | | | | | | | | | | | | 
-----------------------------------
|7| | | | | | | | | | | | | | | | | 
-----------------------------------
oppositecolore: 6,owncolor: 13

step 15:oppositecolor :1, pos: (6,3)
-----------------------------------
|@| |0| |1| |2| |3| |4| |5| |6| |7|
-----------------------------------
|0| | | | | | | | | | | | | | | | | 
-----------------------------------
|1| | | | | | | |O| | | | | | | | | 
-----------------------------------
|2| | | | | |#| |O| |#| |#| | | | | 
-----------------------------------
|3| | | | | |#| |O| |#| |#| | | | | 
-----------------------------------
|4| | | |O| |#| |O| |O| |O| |O| | | 
-----------------------------------
|5| | | | | |O| |O| |O| | | | | |O| 
-----------------------------------
|6| | | | | |?| |O| |?| | | | | | | 
-----------------------------------
|7| | | | | | | |?| | | | | | | | | 
-----------------------------------
oppositecolore: 13,owncolor: 7

step 16:owncolor :0, pos: (4,7)
-----------------------------------
|@| |0| |1| |2| |3| |4| |5| |6| |7|
-----------------------------------
|0| | | | | | | | | | | | | | | | | 
-----------------------------------
|1| | | | | | | |O| | | | | | | | | 
-----------------------------------
|2| | | | | |#| |O| |#| |#| | | | | 
-----------------------------------
|3| | | | | |#| |O| |#| |#| | | | | 
-----------------------------------
|4| | | |O| |#| |#| |#| |#| |#| |#| 
-----------------------------------
|5| | | | | |O| |O| |O| | | | | |O| 
-----------------------------------
|6| | | | | | | |O| | | | | | | | | 
-----------------------------------
|7| | | | | | | | | | | | | | | | | 
-----------------------------------
oppositecolore: 9,owncolor: 12

step 17:oppositecolor :1, pos: (2,6)
-----------------------------------
|@| |0| |1| |2| |3| |4| |5| |6| |7|
-----------------------------------
|0| | | | | | | | | | | | | | | | | 
-----------------------------------
|1| | | | | | | |O| | | | | |?| | | 
-----------------------------------
|2| | | | | |#| |O| |O| |O| |O| |?| 
-----------------------------------
|3| | | | | |#| |O| |#| |O| |?| | | 
-----------------------------------
|4| | | |O| |#| |#| |O| |#| |#| |#| 
-----------------------------------
|5| | | | | |O| |O| |O| | | | | |O| 
-----------------------------------
|6| | | | | | | |O| | | | | | | | | 
-----------------------------------
|7| | | | | | | | | | | | | | | | | 
-----------------------------------
oppositecolore: 14,owncolor: 8

step 18:owncolor :0, pos: (0,3)
-----------------------------------
|@| |0| |1| |2| |3| |4| |5| |6| |7|
-----------------------------------
|0| | | | | | | |#| | | | | | | | | 
-----------------------------------
|1| | | | | | | |#| | | | | | | | | 
-----------------------------------
|2| | | | | |#| |#| |O| |O| |O| | | 
-----------------------------------
|3| | | | | |#| |#| |#| |O| | | | | 
-----------------------------------
|4| | | |O| |#| |#| |O| |#| |#| |#| 
-----------------------------------
|5| | | | | |O| |O| |O| | | | | |O| 
-----------------------------------
|6| | | | | | | |O| | | | | | | | | 
-----------------------------------
|7| | | | | | | | | | | | | | | | | 
-----------------------------------
oppositecolore: 11,owncolor: 12

step 19:oppositecolor :1, pos: (3,7)
-----------------------------------
|@| |0| |1| |2| |3| |4| |5| |6| |7|
-----------------------------------
|0| | | | | | | |#| | | | | | | | | 
-----------------------------------
|1| | | | | | | |#| | | | | | | | | 
-----------------------------------
|2| | | | | |#| |#| |O| |O| |O| |?| 
-----------------------------------
|3| | | | | |#| |#| |#| |O| |?| |O| 
-----------------------------------
|4| | | |O| |#| |#| |O| |#| |#| |O| 
-----------------------------------
|5| | | | | |O| |O| |O| | | | | |O| 
-----------------------------------
|6| | | | | | | |O| | | | | | | | | 
-----------------------------------
|7| | | | | | | | | | | | | | | | | 
-----------------------------------
oppositecolore: 13,owncolor: 11

step 20:owncolor :0, pos: (7,3)
-----------------------------------
|@| |0| |1| |2| |3| |4| |5| |6| |7|
-----------------------------------
|0| | | | | | | |#| | | | | | | | | 
-----------------------------------
|1| | | | | | | |#| | | | | | | | | 
-----------------------------------
|2| | | | | |#| |#| |O| |O| |O| | | 
-----------------------------------
|3| | | | | |#| |#| |#| |O| | | |O| 
-----------------------------------
|4| | | |O| |#| |#| |O| |#| |#| |O| 
-----------------------------------
|5| | | | | |O| |#| |O| | | | | |O| 
-----------------------------------
|6| | | | | | | |#| | | | | | | | | 
-----------------------------------
|7| | | | | | | |#| | | | | | | | | 
-----------------------------------
oppositecolore: 11,owncolor: 14

step 21:oppositecolor :1, pos: (2,1)
-----------------------------------
|@| |0| |1| |2| |3| |4| |5| |6| |7|
-----------------------------------
|0| | | | | | | |#| | | | | | | | | 
-----------------------------------
|1| | | |?| | | |#| | | | | | | | | 
-----------------------------------
|2| |?| |O| |O| |O| |O| |O| |O| | | 
-----------------------------------
|3| | | |?| |O| |#| |#| |O| | | |O| 
-----------------------------------
|4| | | |O| |#| |O| |O| |#| |#| |O| 
-----------------------------------
|5| | | | | |O| |#| |O| | | | | |O| 
-----------------------------------
|6| | | | | | | |#| | | | | | | | | 
-----------------------------------
|7| | | | | | | |#| | | | | | | | | 
-----------------------------------
oppositecolore: 16,owncolor: 10

step 22:owncolor :0, pos: (3,0)
-----------------------------------
|@| |0| |1| |2| |3| |4| |5| |6| |7|
-----------------------------------
|0| | | | | | | |#| | | | | | | | | 
-----------------------------------
|1| | | | | | | |#| | | | | | | | | 
-----------------------------------
|2| | | |O| |O| |O| |O| |O| |O| | | 
-----------------------------------
|3| |#| | | |O| |#| |#| |O| | | |O| 
-----------------------------------
|4| | | |#| |#| |O| |O| |#| |#| |O| 
-----------------------------------
|5| | | | | |#| |#| |O| | | | | |O| 
-----------------------------------
|6| | | | | | | |#| | | | | | | | | 
-----------------------------------
|7| | | | | | | |#| | | | | | | | | 
-----------------------------------
oppositecolore: 14,owncolor: 13

step 23:oppositecolor :1, pos: (5,1)
-----------------------------------
|@| |0| |1| |2| |3| |4| |5| |6| |7|
-----------------------------------
|0| | | | | | | |#| | | | | | | | | 
-----------------------------------
|1| | | | | | | |#| | | | | | | | | 
-----------------------------------
|2| | | |O| |O| |O| |O| |O| |O| | | 
-----------------------------------
|3| |#| | | |O| |O| |#| |O| | | |O| 
-----------------------------------
|4| | | |#| |O| |O| |O| |#| |#| |O| 
-----------------------------------
|5| |?| |O| |O| |O| |O| | | | | |O| 
-----------------------------------
|6| | | |?| | | |#| | | | | | | | | 
-----------------------------------
|7| | | | | | | |#| | | | | | | | | 
-----------------------------------
oppositecolore: 19,owncolor: 9

step 24:owncolor :0, pos: (1,4)
-----------------------------------
|@| |0| |1| |2| |3| |4| |5| |6| |7|
-----------------------------------
|0| | | | | | | |#| | | | | | | | | 
-----------------------------------
|1| | | | | | | |#| |#| | | | | | | 
-----------------------------------
|2| | | |O| |O| |#| |#| |O| |O| | | 
-----------------------------------
|3| |#| | | |#| |O| |#| |O| | | |O| 
-----------------------------------
|4| | | |#| |O| |O| |O| |#| |#| |O| 
-----------------------------------
|5| | | |O| |O| |O| |O| | | | | |O| 
-----------------------------------
|6| | | | | | | |#| | | | | | | | | 
-----------------------------------
|7| | | | | | | |#| | | | | | | | | 
-----------------------------------
oppositecolore: 16,owncolor: 13

step 25:oppositecolor :1, pos: (5,5)
-----------------------------------
|@| |0| |1| |2| |3| |4| |5| |6| |7|
-----------------------------------
|0| | | | | | | |#| | | | | | | | | 
-----------------------------------
|1| | | | | | | |#| |#| | | | | | | 
-----------------------------------
|2| | | |O| |O| |#| |#| |O| |O| | | 
-----------------------------------
|3| |#| | | |#| |O| |#| |O| | | |O| 
-----------------------------------
|4| | | |#| |O| |O| |O| |O| |O| |O| 
-----------------------------------
|5| | | |O| |O| |O| |O| |O| |?| |O| 
-----------------------------------
|6| | | | | | | |#| | | |?| | | | | 
-----------------------------------
|7| | | | | | | |#| | | | | | | | | 
-----------------------------------
oppositecolore: 19,owncolor: 11

step 26:owncolor :0, pos: (2,7)
-----------------------------------
|@| |0| |1| |2| |3| |4| |5| |6| |7|
-----------------------------------
|0| | | | | | | |#| | | | | | | | | 
-----------------------------------
|1| | | | | | | |#| |#| | | | | | | 
-----------------------------------
|2| | | |O| |O| |#| |#| |#| |#| |#| 
-----------------------------------
|3| |#| | | |#| |O| |#| |O| | | |O| 
-----------------------------------
|4| | | |#| |O| |O| |O| |O| |O| |O| 
-----------------------------------
|5| | | |O| |O| |O| |O| |O| | | |O| 
-----------------------------------
|6| | | | | | | |#| | | | | | | | | 
-----------------------------------
|7| | | | | | | |#| | | | | | | | | 
-----------------------------------
oppositecolore: 17,owncolor: 14

step 27:oppositecolor :1, pos: (0,4)
-----------------------------------
|@| |0| |1| |2| |3| |4| |5| |6| |7|
-----------------------------------
|0| | | | | | | |#| |O| |?| | | | | 
-----------------------------------
|1| | | | | | | |O| |O| | | | | | | 
-----------------------------------
|2| | | |O| |O| |#| |O| |#| |#| |#| 
-----------------------------------
|3| |#| | | |#| |O| |O| |O| | | |O| 
-----------------------------------
|4| | | |#| |O| |O| |O| |O| |O| |O| 
-----------------------------------
|5| | | |O| |O| |O| |O| |O| | | |O| 
-----------------------------------
|6| | | | | | | |#| | | | | | | | | 
-----------------------------------
|7| | | | | | | |#| | | | | | | | | 
-----------------------------------
oppositecolore: 22,owncolor: 10

step 28:owncolor :0, pos: (3,6)
-----------------------------------
|@| |0| |1| |2| |3| |4| |5| |6| |7|
-----------------------------------
|0| | | | | | | |#| |O| | | | | | | 
-----------------------------------
|1| | | | | | | |O| |O| | | | | | | 
-----------------------------------
|2| | | |O| |O| |#| |O| |#| |#| |#| 
-----------------------------------
|3| |#| | | |#| |#| |#| |#| |#| |O| 
-----------------------------------
|4| | | |#| |O| |O| |O| |#| |O| |O| 
-----------------------------------
|5| | | |O| |O| |O| |#| |O| | | |O| 
-----------------------------------
|6| | | | | | | |#| | | | | | | | | 
-----------------------------------
|7| | | | | | | |#| | | | | | | | | 
-----------------------------------
oppositecolore: 17,owncolor: 16

step 29:oppositecolor :1, pos: (3,1)
-----------------------------------
|@| |0| |1| |2| |3| |4| |5| |6| |7|
-----------------------------------
|0| | | | | | | |#| |O| | | | | | | 
-----------------------------------
|1| | | | | | | |O| |O| | | | | | | 
-----------------------------------
|2| | | |O| |O| |#| |O| |#| |#| |#| 
-----------------------------------
|3| |#| |O| |O| |O| |O| |O| |O| |O| 
-----------------------------------
|4| | | |O| |O| |O| |O| |#| |O| |O| 
-----------------------------------
|5| | | |O| |O| |O| |#| |O| | | |O| 
-----------------------------------
|6| | | | | | | |#| | | | | | | | | 
-----------------------------------
|7| | | | | | | |#| | | | | | | | | 
-----------------------------------
oppositecolore: 24,owncolor: 10

step 30:owncolor :0, pos: (5,0)
-----------------------------------
|@| |0| |1| |2| |3| |4| |5| |6| |7|
-----------------------------------
|0| | | | | | | |#| |O| | | | | | | 
-----------------------------------
|1| | | | | | | |O| |O| | | | | | | 
-----------------------------------
|2| | | |O| |O| |#| |O| |#| |#| |#| 
-----------------------------------
|3| |#| |O| |#| |O| |O| |O| |O| |O| 
-----------------------------------
|4| | | |#| |O| |O| |O| |#| |O| |O| 
-----------------------------------
|5| |#| |#| |#| |#| |#| |O| | | |O| 
-----------------------------------
|6| | | | | | | |#| | | | | | | | | 
-----------------------------------
|7| | | | | | | |#| | | | | | | | | 
-----------------------------------
oppositecolore: 19,owncolor: 16

step 31:oppositecolor :1, pos: (7,2)
-----------------------------------
|@| |0| |1| |2| |3| |4| |5| |6| |7|
-----------------------------------
|0| | | | | | | |#| |O| | | | | | | 
-----------------------------------
|1| | | | | | | |O| |O| | | | | | | 
-----------------------------------
|2| | | |O| |O| |#| |O| |#| |#| |#| 
-----------------------------------
|3| |#| |O| |#| |O| |O| |O| |O| |O| 
-----------------------------------
|4| | | |#| |O| |O| |O| |O| |O| |O| 
-----------------------------------
|5| |#| |#| |#| |#| |O| |O| | | |O| 
-----------------------------------
|6| | | | | |?| |O| | | | | | | | | 
-----------------------------------
|7| | | |?| |O| |#| | | | | | | | | 
-----------------------------------
oppositecolore: 23,owncolor: 13

step 32:owncolor :0, pos: (2,0)
-----------------------------------
|@| |0| |1| |2| |3| |4| |5| |6| |7|
-----------------------------------
|0| | | | | | | |#| |O| | | | | | | 
-----------------------------------
|1| | | | | | | |O| |O| | | | | | | 
-----------------------------------
|2| |#| |#| |#| |#| |O| |#| |#| |#| 
-----------------------------------
|3| |#| |#| |#| |O| |O| |O| |O| |O| 
-----------------------------------
|4| | | |#| |#| |O| |O| |O| |O| |O| 
-----------------------------------
|5| |#| |#| |#| |#| |O| |O| | | |O| 
-----------------------------------
|6| | | | | | | |O| | | | | | | | | 
-----------------------------------
|7| | | | | |O| |#| | | | | | | | | 
-----------------------------------
oppositecolore: 19,owncolor: 18

step 33:oppositecolor :1, pos: (4,0)
-----------------------------------
|@| |0| |1| |2| |3| |4| |5| |6| |7|
-----------------------------------
|0| | | | | | | |#| |O| | | | | | | 
-----------------------------------
|1| | | | | | | |O| |O| | | | | | | 
-----------------------------------
|2| |#| |#| |O| |#| |O| |#| |#| |#| 
-----------------------------------
|3| |#| |O| |#| |O| |O| |O| |O| |O| 
-----------------------------------
|4| |O| |O| |O| |O| |O| |O| |O| |O| 
-----------------------------------
|5| |#| |#| |#| |#| |O| |O| | | |O| 
-----------------------------------
|6| | | | | | | |O| | | | | | | | | 
-----------------------------------
|7| | | | | |O| |#| | | | | | | | | 
-----------------------------------
oppositecolore: 24,owncolor: 14

step 34:owncolor :0, pos: (5,6)
-----------------------------------
|@| |0| |1| |2| |3| |4| |5| |6| |7|
-----------------------------------
|0| | | | | | | |#| |O| | | | | | | 
-----------------------------------
|1| | | | | | | |O| |O| | | | | | | 
-----------------------------------
|2| |#| |#| |O| |#| |O| |#| |#| |#| 
-----------------------------------
|3| |#| |O| |#| |O| |#| |O| |#| |O| 
-----------------------------------
|4| |O| |O| |O| |O| |O| |#| |#| |O| 
-----------------------------------
|5| |#| |#| |#| |#| |#| |#| |#| |O| 
-----------------------------------
|6| | | | | | | |O| | | | | | | | | 
-----------------------------------
|7| | | | | |O| |#| | | | | | | | | 
-----------------------------------
oppositecolore: 18,owncolor: 21

step 35:oppositecolor :1, pos: (6,4)
-----------------------------------
|@| |0| |1| |2| |3| |4| |5| |6| |7|
-----------------------------------
|0| | | | | | | |#| |O| | | | | | | 
-----------------------------------
|1| | | | | | | |O| |O| | | | | | | 
-----------------------------------
|2| |#| |#| |O| |#| |O| |#| |#| |#| 
-----------------------------------
|3| |#| |O| |#| |O| |#| |O| |#| |O| 
-----------------------------------
|4| |O| |O| |O| |O| |O| |#| |O| |O| 
-----------------------------------
|5| |#| |#| |#| |O| |O| |O| |#| |O| 
-----------------------------------
|6| | | | | | | |O| |O| |?| | | | | 
-----------------------------------
|7| | | | | |O| |#| |?| | | | | | | 
-----------------------------------
oppositecolore: 23,owncolor: 17

step 36:owncolor :0, pos: (0,5)
-----------------------------------
|@| |0| |1| |2| |3| |4| |5| |6| |7|
-----------------------------------
|0| | | | | | | |#| |#| |#| | | | | 
-----------------------------------
|1| | | | | | | |O| |#| | | | | | | 
-----------------------------------
|2| |#| |#| |O| |#| |O| |#| |#| |#| 
-----------------------------------
|3| |#| |O| |#| |O| |#| |O| |#| |O| 
-----------------------------------
|4| |O| |O| |O| |O| |O| |#| |O| |O| 
-----------------------------------
|5| |#| |#| |#| |O| |O| |O| |#| |O| 
-----------------------------------
|6| | | | | | | |O| |O| | | | | | | 
-----------------------------------
|7| | | | | |O| |#| | | | | | | | | 
-----------------------------------
oppositecolore: 21,owncolor: 20

step 37:oppositecolor :1, pos: (1,6)
-----------------------------------
|@| |0| |1| |2| |3| |4| |5| |6| |7|
-----------------------------------
|0| | | | | | | |#| |#| |#| |?| | | 
-----------------------------------
|1| | | | | | | |O| |#| |?| |O| |?| 
-----------------------------------
|2| |#| |#| |O| |#| |O| |O| |O| |#| 
-----------------------------------
|3| |#| |O| |#| |O| |O| |O| |O| |O| 
-----------------------------------
|4| |O| |O| |O| |O| |O| |#| |O| |O| 
-----------------------------------
|5| |#| |#| |#| |O| |O| |O| |#| |O| 
-----------------------------------
|6| | | | | | | |O| |O| | | | | | | 
-----------------------------------
|7| | | | | |O| |#| | | | | | | | | 
-----------------------------------
oppositecolore: 26,owncolor: 16

step 38:owncolor :0, pos: (0,7)
-----------------------------------
|@| |0| |1| |2| |3| |4| |5| |6| |7|
-----------------------------------
|0| | | | | | | |#| |#| |#| | | |#| 
-----------------------------------
|1| | | | | | | |O| |#| | | |#| | | 
-----------------------------------
|2| |#| |#| |O| |#| |O| |#| |O| |#| 
-----------------------------------
|3| |#| |O| |#| |O| |#| |O| |O| |O| 
-----------------------------------
|4| |O| |O| |O| |#| |O| |#| |O| |O| 
-----------------------------------
|5| |#| |#| |#| |O| |O| |O| |#| |O| 
-----------------------------------
|6| | | | | | | |O| |O| | | | | | | 
-----------------------------------
|7| | | | | |O| |#| | | | | | | | | 
-----------------------------------
oppositecolore: 22,owncolor: 21

step 39:oppositecolor :1, pos: (1,0)
-----------------------------------
|@| |0| |1| |2| |3| |4| |5| |6| |7|
-----------------------------------
|0| |?| | | | | |#| |#| |#| | | |#| 
-----------------------------------
|1| |O| |?| | | |O| |#| | | |#| | | 
-----------------------------------
|2| |O| |O| |O| |#| |O| |#| |O| |#| 
-----------------------------------
|3| |O| |O| |O| |O| |#| |O| |O| |O| 
-----------------------------------
|4| |O| |O| |O| |O| |O| |#| |O| |O| 
-----------------------------------
|5| |#| |#| |#| |O| |O| |O| |#| |O| 
-----------------------------------
|6| | | | | | | |O| |O| | | | | | | 
-----------------------------------
|7| | | | | |O| |#| | | | | | | | | 
-----------------------------------
oppositecolore: 28,owncolor: 16

step 40:owncolor :0, pos: (7,4)
-----------------------------------
|@| |0| |1| |2| |3| |4| |5| |6| |7|
-----------------------------------
|0| | | | | | | |#| |#| |#| | | |#| 
-----------------------------------
|1| |O| | | | | |O| |#| | | |#| | | 
-----------------------------------
|2| |O| |O| |O| |#| |O| |#| |O| |#| 
-----------------------------------
|3| |O| |O| |O| |O| |#| |O| |O| |O| 
-----------------------------------
|4| |O| |O| |O| |O| |#| |#| |O| |O| 
-----------------------------------
|5| |#| |#| |#| |O| |#| |O| |#| |O| 
-----------------------------------
|6| | | | | | | |#| |#| | | | | | | 
-----------------------------------
|7| | | | | |O| |#| |#| | | | | | | 
-----------------------------------
oppositecolore: 24,owncolor: 21

step 41:oppositecolor :1, pos: (1,5)
-----------------------------------
|@| |0| |1| |2| |3| |4| |5| |6| |7|
-----------------------------------
|0| | | | | | | |#| |#| |#| | | |#| 
-----------------------------------
|1| |O| | | | | |O| |O| |O| |#| | | 
-----------------------------------
|2| |O| |O| |O| |#| |O| |O| |O| |#| 
-----------------------------------
|3| |O| |O| |O| |O| |#| |O| |O| |O| 
-----------------------------------
|4| |O| |O| |O| |O| |#| |#| |O| |O| 
-----------------------------------
|5| |#| |#| |#| |O| |#| |O| |#| |O| 
-----------------------------------
|6| | | | | | | |#| |#| | | | | | | 
-----------------------------------
|7| | | | | |O| |#| |#| | | | | | | 
-----------------------------------
oppositecolore: 27,owncolor: 19

step 42:owncolor :0, pos: (0,0)
-----------------------------------
|@| |0| |1| |2| |3| |4| |5| |6| |7|
-----------------------------------
|0| |#| | | | | |#| |#| |#| | | |#| 
-----------------------------------
|1| |#| | | | | |O| |O| |O| |#| | | 
-----------------------------------
|2| |#| |O| |O| |#| |O| |O| |O| |#| 
-----------------------------------
|3| |#| |O| |O| |O| |#| |O| |O| |O| 
-----------------------------------
|4| |#| |O| |O| |O| |#| |#| |O| |O| 
-----------------------------------
|5| |#| |#| |#| |O| |#| |O| |#| |O| 
-----------------------------------
|6| | | | | | | |#| |#| | | | | | | 
-----------------------------------
|7| | | | | |O| |#| |#| | | | | | | 
-----------------------------------
oppositecolore: 23,owncolor: 24

step 43:oppositecolor :1, pos: (7,5)
-----------------------------------
|@| |0| |1| |2| |3| |4| |5| |6| |7|
-----------------------------------
|0| |#| | | | | |#| |#| |#| | | |#| 
-----------------------------------
|1| |#| | | | | |O| |O| |O| |#| | | 
-----------------------------------
|2| |#| |O| |O| |#| |O| |O| |O| |#| 
-----------------------------------
|3| |#| |O| |O| |O| |#| |O| |O| |O| 
-----------------------------------
|4| |#| |O| |O| |O| |#| |#| |O| |O| 
-----------------------------------
|5| |#| |#| |#| |O| |#| |O| |#| |O| 
-----------------------------------
|6| | | | | | | |#| |O| |?| | | | | 
-----------------------------------
|7| | | | | |O| |O| |O| |O| |?| | | 
-----------------------------------
oppositecolore: 27,owncolor: 21

step 44:owncolor :0, pos: (1,1)
-----------------------------------
|@| |0| |1| |2| |3| |4| |5| |6| |7|
-----------------------------------
|0| |#| | | | | |#| |#| |#| | | |#| 
-----------------------------------
|1| |#| |#| | | |O| |O| |O| |#| | | 
-----------------------------------
|2| |#| |#| |#| |#| |O| |O| |O| |#| 
-----------------------------------
|3| |#| |#| |O| |#| |#| |O| |O| |O| 
-----------------------------------
|4| |#| |#| |O| |O| |#| |#| |O| |O| 
-----------------------------------
|5| |#| |#| |#| |O| |#| |O| |#| |O| 
-----------------------------------
|6| | | | | | | |#| |O| | | | | | | 
-----------------------------------
|7| | | | | |O| |O| |O| |O| | | | | 
-----------------------------------
oppositecolore: 22,owncolor: 27

step 45:oppositecolor :1, pos: (6,5)
-----------------------------------
|@| |0| |1| |2| |3| |4| |5| |6| |7|
-----------------------------------
|0| |#| | | | | |#| |#| |#| | | |#| 
-----------------------------------
|1| |#| |#| | | |O| |O| |O| |#| | | 
-----------------------------------
|2| |#| |#| |#| |#| |O| |O| |O| |#| 
-----------------------------------
|3| |#| |#| |O| |#| |#| |O| |O| |O| 
-----------------------------------
|4| |#| |#| |O| |O| |#| |#| |O| |O| 
-----------------------------------
|5| |#| |#| |#| |O| |O| |O| |O| |O| 
-----------------------------------
|6| | | | | | | |#| |O| |O| |?| | | 
-----------------------------------
|7| | | | | |O| |O| |O| |O| | | | | 
-----------------------------------
oppositecolore: 25,owncolor: 25

step 46:owncolor :0, pos: (0,6)
-----------------------------------
|@| |0| |1| |2| |3| |4| |5| |6| |7|
-----------------------------------
|0| |#| | | | | |#| |#| |#| |#| |#| 
-----------------------------------
|1| |#| |#| | | |O| |O| |#| |#| | | 
-----------------------------------
|2| |#| |#| |#| |#| |#| |O| |O| |#| 
-----------------------------------
|3| |#| |#| |O| |#| |#| |O| |O| |O| 
-----------------------------------
|4| |#| |#| |O| |O| |#| |#| |O| |O| 
-----------------------------------
|5| |#| |#| |#| |O| |O| |O| |O| |O| 
-----------------------------------
|6| | | | | | | |#| |O| |O| | | | | 
-----------------------------------
|7| | | | | |O| |O| |O| |O| | | | | 
-----------------------------------
oppositecolore: 23,owncolor: 28

step 47:oppositecolor :1, pos: (1,2)
-----------------------------------
|@| |0| |1| |2| |3| |4| |5| |6| |7|
-----------------------------------
|0| |#| | | |?| |#| |#| |#| |#| |#| 
-----------------------------------
|1| |#| |#| |O| |O| |O| |#| |#| | | 
-----------------------------------
|2| |#| |#| |O| |O| |#| |O| |O| |#| 
-----------------------------------
|3| |#| |#| |O| |#| |O| |O| |O| |O| 
-----------------------------------
|4| |#| |#| |O| |O| |#| |O| |O| |O| 
-----------------------------------
|5| |#| |#| |#| |O| |O| |O| |O| |O| 
-----------------------------------
|6| | | | | | | |#| |O| |O| | | | | 
-----------------------------------
|7| | | | | |O| |O| |O| |O| | | | | 
-----------------------------------
oppositecolore: 28,owncolor: 24

step 48:owncolor :0, pos: (6,6)
-----------------------------------
|@| |0| |1| |2| |3| |4| |5| |6| |7|
-----------------------------------
|0| |#| | | | | |#| |#| |#| |#| |#| 
-----------------------------------
|1| |#| |#| |O| |O| |O| |#| |#| | | 
-----------------------------------
|2| |#| |#| |O| |O| |#| |O| |#| |#| 
-----------------------------------
|3| |#| |#| |O| |#| |O| |O| |#| |O| 
-----------------------------------
|4| |#| |#| |O| |O| |#| |O| |#| |O| 
-----------------------------------
|5| |#| |#| |#| |O| |O| |#| |#| |O| 
-----------------------------------
|6| | | | | | | |#| |#| |#| |#| | | 
-----------------------------------
|7| | | | | |O| |O| |O| |O| | | | | 
-----------------------------------
oppositecolore: 21,owncolor: 32

step 49:oppositecolor :1, pos: (7,7)
-----------------------------------
|@| |0| |1| |2| |3| |4| |5| |6| |7|
-----------------------------------
|0| |#| | | | | |#| |#| |#| |#| |#| 
-----------------------------------
|1| |#| |#| |O| |O| |O| |#| |#| | | 
-----------------------------------
|2| |#| |#| |O| |O| |#| |O| |#| |#| 
-----------------------------------
|3| |#| |#| |O| |O| |O| |O| |#| |O| 
-----------------------------------
|4| |#| |#| |O| |O| |O| |O| |#| |O| 
-----------------------------------
|5| |#| |#| |#| |O| |O| |O| |#| |O| 
-----------------------------------
|6| | | | | | | |#| |#| |#| |O| |?| 
-----------------------------------
|7| | | | | |O| |O| |O| |O| |?| |O| 
-----------------------------------
oppositecolore: 26,owncolor: 28

step 50:owncolor :0, pos: (0,2)
-----------------------------------
|@| |0| |1| |2| |3| |4| |5| |6| |7|
-----------------------------------
|0| |#| | | |#| |#| |#| |#| |#| |#| 
-----------------------------------
|1| |#| |#| |#| |#| |O| |#| |#| | | 
-----------------------------------
|2| |#| |#| |#| |O| |#| |O| |#| |#| 
-----------------------------------
|3| |#| |#| |#| |O| |O| |O| |#| |O| 
-----------------------------------
|4| |#| |#| |#| |O| |O| |O| |#| |O| 
-----------------------------------
|5| |#| |#| |#| |O| |O| |O| |#| |O| 
-----------------------------------
|6| | | | | | | |#| |#| |#| |O| | | 
-----------------------------------
|7| | | | | |O| |O| |O| |O| | | |O| 
-----------------------------------
oppositecolore: 21,owncolor: 34

step 51:oppositecolor :1, pos: (7,6)
-----------------------------------
|@| |0| |1| |2| |3| |4| |5| |6| |7|
-----------------------------------
|0| |#| | | |#| |#| |#| |#| |#| |#| 
-----------------------------------
|1| |#| |#| |#| |#| |O| |#| |#| | | 
-----------------------------------
|2| |#| |#| |#| |O| |#| |O| |#| |#| 
-----------------------------------
|3| |#| |#| |#| |O| |O| |O| |#| |O| 
-----------------------------------
|4| |#| |#| |#| |O| |O| |O| |#| |O| 
-----------------------------------
|5| |#| |#| |#| |O| |O| |O| |#| |O| 
-----------------------------------
|6| | | | | | | |#| |#| |O| |O| | | 
-----------------------------------
|7| | | | | |O| |O| |O| |O| |O| |O| 
-----------------------------------
oppositecolore: 23,owncolor: 33

step 52:owncolor :0, pos: (6,7)
-----------------------------------
|@| |0| |1| |2| |3| |4| |5| |6| |7|
-----------------------------------
|0| |#| | | |#| |#| |#| |#| |#| |#| 
-----------------------------------
|1| |#| |#| |#| |#| |O| |#| |#| | | 
-----------------------------------
|2| |#| |#| |#| |O| |#| |O| |#| |#| 
-----------------------------------
|3| |#| |#| |#| |O| |O| |O| |#| |#| 
-----------------------------------
|4| |#| |#| |#| |O| |O| |O| |#| |#| 
-----------------------------------
|5| |#| |#| |#| |O| |O| |O| |#| |#| 
-----------------------------------
|6| | | | | | | |#| |#| |#| |#| |#| 
-----------------------------------
|7| | | | | |O| |O| |O| |O| |O| |O| 
-----------------------------------
oppositecolore: 18,owncolor: 39

step 53:oppositecolor :1, pos: (1,7)
-----------------------------------
|@| |0| |1| |2| |3| |4| |5| |6| |7|
-----------------------------------
|0| |#| | | |#| |#| |#| |#| |#| |#| 
-----------------------------------
|1| |#| |#| |#| |#| |O| |O| |O| |O| 
-----------------------------------
|2| |#| |#| |#| |O| |#| |O| |O| |O| 
-----------------------------------
|3| |#| |#| |#| |O| |O| |O| |#| |O| 
-----------------------------------
|4| |#| |#| |#| |O| |O| |O| |#| |O| 
-----------------------------------
|5| |#| |#| |#| |O| |O| |O| |#| |O| 
-----------------------------------
|6| | | | | | | |#| |#| |#| |#| |O| 
-----------------------------------
|7| | | | | |O| |O| |O| |O| |O| |O| 
-----------------------------------
oppositecolore: 27,owncolor: 31

step 54:owncolor :0, pos: (-1,-1)
-----------------------------------
|@| |0| |1| |2| |3| |4| |5| |6| |7|
-----------------------------------
|0| |#| | | |#| |#| |#| |#| |#| |#| 
-----------------------------------
|1| |#| |#| |#| |#| |O| |O| |O| |O| 
-----------------------------------
|2| |#| |#| |#| |O| |#| |O| |O| |O| 
-----------------------------------
|3| |#| |#| |#| |O| |O| |O| |#| |O| 
-----------------------------------
|4| |#| |#| |#| |O| |O| |O| |#| |O| 
-----------------------------------
|5| |#| |#| |#| |O| |O| |O| |#| |O| 
-----------------------------------
|6| | | | | | | |#| |#| |#| |#| |O| 
-----------------------------------
|7| | | | | |O| |O| |O| |O| |O| |O| 
-----------------------------------
oppositecolore: 27,owncolor: 31

step 55:oppositecolor :1, pos: (6,2)
-----------------------------------
|@| |0| |1| |2| |3| |4| |5| |6| |7|
-----------------------------------
|0| |#| | | |#| |#| |#| |#| |#| |#| 
-----------------------------------
|1| |#| |#| |#| |#| |O| |O| |O| |O| 
-----------------------------------
|2| |#| |#| |#| |O| |#| |O| |O| |O| 
-----------------------------------
|3| |#| |#| |#| |O| |O| |O| |#| |O| 
-----------------------------------
|4| |#| |#| |#| |O| |O| |O| |#| |O| 
-----------------------------------
|5| |#| |#| |#| |O| |O| |O| |#| |O| 
-----------------------------------
|6| | | |?| |O| |O| |O| |O| |O| |O| 
-----------------------------------
|7| | | | | |O| |O| |O| |O| |O| |O| 
-----------------------------------
oppositecolore: 32,owncolor: 27

step 56:owncolor :0, pos: (-1,-1)
-----------------------------------
|@| |0| |1| |2| |3| |4| |5| |6| |7|
-----------------------------------
|0| |#| | | |#| |#| |#| |#| |#| |#| 
-----------------------------------
|1| |#| |#| |#| |#| |O| |O| |O| |O| 
-----------------------------------
|2| |#| |#| |#| |O| |#| |O| |O| |O| 
-----------------------------------
|3| |#| |#| |#| |O| |O| |O| |#| |O| 
-----------------------------------
|4| |#| |#| |#| |O| |O| |O| |#| |O| 
-----------------------------------
|5| |#| |#| |#| |O| |O| |O| |#| |O| 
-----------------------------------
|6| | | | | |O| |O| |O| |O| |O| |O| 
-----------------------------------
|7| | | | | |O| |O| |O| |O| |O| |O| 
-----------------------------------
oppositecolore: 32,owncolor: 27

step 57:oppositecolor :1, pos: (6,0)
-----------------------------------
|@| |0| |1| |2| |3| |4| |5| |6| |7|
-----------------------------------
|0| |#| | | |#| |#| |#| |#| |#| |#| 
-----------------------------------
|1| |#| |#| |#| |#| |O| |O| |O| |O| 
-----------------------------------
|2| |#| |#| |#| |O| |#| |O| |O| |O| 
-----------------------------------
|3| |#| |#| |#| |O| |O| |O| |#| |O| 
-----------------------------------
|4| |#| |#| |O| |O| |O| |O| |#| |O| 
-----------------------------------
|5| |#| |O| |#| |O| |O| |O| |#| |O| 
-----------------------------------
|6| |O| |?| |O| |O| |O| |O| |O| |O| 
-----------------------------------
|7| |?| | | |O| |O| |O| |O| |O| |O| 
-----------------------------------
oppositecolore: 35,owncolor: 25

step 58:owncolor :0, pos: (-1,-1)
-----------------------------------
|@| |0| |1| |2| |3| |4| |5| |6| |7|
-----------------------------------
|0| |#| | | |#| |#| |#| |#| |#| |#| 
-----------------------------------
|1| |#| |#| |#| |#| |O| |O| |O| |O| 
-----------------------------------
|2| |#| |#| |#| |O| |#| |O| |O| |O| 
-----------------------------------
|3| |#| |#| |#| |O| |O| |O| |#| |O| 
-----------------------------------
|4| |#| |#| |O| |O| |O| |O| |#| |O| 
-----------------------------------
|5| |#| |O| |#| |O| |O| |O| |#| |O| 
-----------------------------------
|6| |O| | | |O| |O| |O| |O| |O| |O| 
-----------------------------------
|7| | | | | |O| |O| |O| |O| |O| |O| 
-----------------------------------
oppositecolore: 35,owncolor: 25

step 59:oppositecolor :1, pos: (0,1)
-----------------------------------
|@| |0| |1| |2| |3| |4| |5| |6| |7|
-----------------------------------
|0| |#| |O| |#| |#| |#| |#| |#| |#| 
-----------------------------------
|1| |#| |O| |O| |#| |O| |O| |O| |O| 
-----------------------------------
|2| |#| |O| |#| |O| |#| |O| |O| |O| 
-----------------------------------
|3| |#| |O| |#| |O| |O| |O| |#| |O| 
-----------------------------------
|4| |#| |O| |O| |O| |O| |O| |#| |O| 
-----------------------------------
|5| |#| |O| |#| |O| |O| |O| |#| |O| 
-----------------------------------
|6| |O| | | |O| |O| |O| |O| |O| |O| 
-----------------------------------
|7| | | | | |O| |O| |O| |O| |O| |O| 
-----------------------------------
oppositecolore: 41,owncolor: 20

step 60:owncolor :0, pos: (7,0)
-----------------------------------
|@| |0| |1| |2| |3| |4| |5| |6| |7|
-----------------------------------
|0| |#| |O| |#| |#| |#| |#| |#| |#| 
-----------------------------------
|1| |#| |O| |O| |#| |O| |O| |O| |O| 
-----------------------------------
|2| |#| |O| |#| |O| |#| |O| |O| |O| 
-----------------------------------
|3| |#| |O| |#| |O| |O| |O| |#| |O| 
-----------------------------------
|4| |#| |O| |O| |O| |O| |O| |#| |O| 
-----------------------------------
|5| |#| |O| |#| |O| |O| |O| |#| |O| 
-----------------------------------
|6| |#| | | |O| |O| |O| |O| |O| |O| 
-----------------------------------
|7| |#| | | |O| |O| |O| |O| |O| |O| 
-----------------------------------
oppositecolore: 40,owncolor: 22

step 61:oppositecolor :1, pos: (6,1)
-----------------------------------
|@| |0| |1| |2| |3| |4| |5| |6| |7|
-----------------------------------
|0| |#| |O| |#| |#| |#| |#| |#| |#| 
-----------------------------------
|1| |#| |O| |O| |#| |O| |O| |O| |O| 
-----------------------------------
|2| |#| |O| |#| |O| |#| |O| |O| |O| 
-----------------------------------
|3| |#| |O| |#| |O| |O| |O| |#| |O| 
-----------------------------------
|4| |#| |O| |O| |O| |O| |O| |#| |O| 
-----------------------------------
|5| |#| |O| |O| |O| |O| |O| |#| |O| 
-----------------------------------
|6| |#| |O| |O| |O| |O| |O| |O| |O| 
-----------------------------------
|7| |#| |?| |O| |O| |O| |O| |O| |O| 
-----------------------------------
oppositecolore: 42,owncolor: 21

-----------------------------------
|@| |0| |1| |2| |3| |4| |5| |6| |7|
-----------------------------------
|0| |#| |O| |#| |#| |#| |#| |#| |#| 
-----------------------------------
|1| |#| |O| |O| |#| |O| |O| |O| |O| 
-----------------------------------
|2| |#| |O| |#| |O| |#| |O| |O| |O| 
-----------------------------------
|3| |#| |O| |#| |O| |O| |O| |#| |O| 
-----------------------------------
|4| |#| |O| |O| |O| |O| |O| |#| |O| 
-----------------------------------
|5| |#| |O| |O| |O| |O| |O| |#| |O| 
-----------------------------------
|6| |#| |O| |O| |O| |O| |O| |O| |O| 
-----------------------------------
|7| |#| |?| |O| |O| |O| |O| |O| |O| 
-----------------------------------
oppositecolore: 42,owncolor: 21

