----------------------------------
|@| |0| |1| |2| |3| |4| |5| |6| |7|
----------------------------------
|0| | | | | | | | | | | | | | | | | 
----------------------------------
|1| | | | | | | | | | | | | | | | | 
----------------------------------
|2| | | | | | | | | | | | | | | | | 
----------------------------------
|3| | | | | | | |#| |O| | | | | | | 
----------------------------------
|4| | | | | | | |O| |#| | | | | | | 
----------------------------------
|5| | | | | | | | | | | | | | | | | 
----------------------------------
|6| | | | | | | | | | | | | | | | | 
----------------------------------
|7| | | | | | | | | | | | | | | | | 
----------------------------------
oppositecolor :0, pos: (5,3)
----------------------------------
|@| |0| |1| |2| |3| |4| |5| |6| |7|
----------------------------------
|0| | | | | | | | | | | | | | | | | 
----------------------------------
|1| | | | | | | | | | | | | | | | | 
----------------------------------
|2| | | | | | | | | | | | | | | | | 
----------------------------------
|3| | | | | | | |#| |O| | | | | | | 
----------------------------------
|4| | | | | | | |#| |#| | | | | | | 
----------------------------------
|5| | | | | |?| |#| |?| | | | | | | 
----------------------------------
|6| | | | | | | |?| | | | | | | | | 
----------------------------------
|7| | | | | | | | | | | | | | | | | 
----------------------------------
owncolor :1, pos: (3,2)
----------------------------------
|@| |0| |1| |2| |3| |4| |5| |6| |7|
----------------------------------
|0| | | | | | | | | | | | | | | | | 
----------------------------------
|1| | | | | | | | | | | | | | | | | 
----------------------------------
|2| | | | | | | | | | | | | | | | | 
----------------------------------
|3| | | | | |O| |O| |O| | | | | | | 
----------------------------------
|4| | | | | | | |#| |#| | | | | | | 
----------------------------------
|5| | | | | | | |#| | | | | | | | | 
----------------------------------
|6| | | | | | | | | | | | | | | | | 
----------------------------------
|7| | | | | | | | | | | | | | | | | 
----------------------------------
oppositecolor :0, pos: (2,3)
----------------------------------
|@| |0| |1| |2| |3| |4| |5| |6| |7|
----------------------------------
|0| | | | | | | | | | | | | | | | | 
----------------------------------
|1| | | | | | | |?| | | | | | | | | 
----------------------------------
|2| | | | | |?| |#| |?| | | | | | | 
----------------------------------
|3| | | | | |O| |#| |O| | | | | | | 
----------------------------------
|4| | | | | | | |#| |#| | | | | | | 
----------------------------------
|5| | | | | | | |#| | | | | | | | | 
----------------------------------
|6| | | | | | | | | | | | | | | | | 
----------------------------------
|7| | | | | | | | | | | | | | | | | 
----------------------------------
owncolor :1, pos: (5,4)
----------------------------------
|@| |0| |1| |2| |3| |4| |5| |6| |7|
----------------------------------
|0| | | | | | | | | | | | | | | | | 
----------------------------------
|1| | | | | | | | | | | | | | | | | 
----------------------------------
|2| | | | | | | |#| | | | | | | | | 
----------------------------------
|3| | | | | |O| |#| |O| | | | | | | 
----------------------------------
|4| | | | | | | |O| |O| | | | | | | 
----------------------------------
|5| | | | | | | |#| |O| | | | | | | 
----------------------------------
|6| | | | | | | | | | | | | | | | | 
----------------------------------
|7| | | | | | | | | | | | | | | | | 
----------------------------------
oppositecolor :0, pos: (3,1)
----------------------------------
|@| |0| |1| |2| |3| |4| |5| |6| |7|
----------------------------------
|0| | | | | | | | | | | | | | | | | 
----------------------------------
|1| | | | | | | | | | | | | | | | | 
----------------------------------
|2| | | |?| | | |#| | | | | | | | | 
----------------------------------
|3| |?| |#| |#| |#| |O| | | | | | | 
----------------------------------
|4| | | |?| | | |O| |O| | | | | | | 
----------------------------------
|5| | | | | | | |#| |O| | | | | | | 
----------------------------------
|6| | | | | | | | | | | | | | | | | 
----------------------------------
|7| | | | | | | | | | | | | | | | | 
----------------------------------
owncolor :1, pos: (1,3)
----------------------------------
|@| |0| |1| |2| |3| |4| |5| |6| |7|
----------------------------------
|0| | | | | | | | | | | | | | | | | 
----------------------------------
|1| | | | | | | |O| | | | | | | | | 
----------------------------------
|2| | | | | | | |O| | | | | | | | | 
----------------------------------
|3| | | |#| |#| |O| |O| | | | | | | 
----------------------------------
|4| | | | | | | |O| |O| | | | | | | 
----------------------------------
|5| | | | | | | |#| |O| | | | | | | 
----------------------------------
|6| | | | | | | | | | | | | | | | | 
----------------------------------
|7| | | | | | | | | | | | | | | | | 
----------------------------------
oppositecolor :0, pos: (6,5)
----------------------------------
|@| |0| |1| |2| |3| |4| |5| |6| |7|
----------------------------------
|0| | | | | | | | | | | | | | | | | 
----------------------------------
|1| | | | | | | |O| | | | | | | | | 
----------------------------------
|2| | | | | | | |O| | | | | | | | | 
----------------------------------
|3| | | |#| |#| |O| |O| | | | | | | 
----------------------------------
|4| | | | | | | |#| |O| | | | | | | 
----------------------------------
|5| | | | | | | |#| |#| |?| | | | | 
----------------------------------
|6| | | | | | | | | |?| |#| |?| | | 
----------------------------------
|7| | | | | | | | | | | |?| | | | | 
----------------------------------
owncolor :1, pos: (3,0)
----------------------------------
|@| |0| |1| |2| |3| |4| |5| |6| |7|
----------------------------------
|0| | | | | | | | | | | | | | | | | 
----------------------------------
|1| | | | | | | |O| | | | | | | | | 
----------------------------------
|2| | | | | | | |O| | | | | | | | | 
----------------------------------
|3| |O| |O| |O| |O| |O| | | | | | | 
----------------------------------
|4| | | | | | | |#| |O| | | | | | | 
----------------------------------
|5| | | | | | | |#| |#| | | | | | | 
----------------------------------
|6| | | | | | | | | | | |#| | | | | 
----------------------------------
|7| | | | | | | | | | | | | | | | | 
----------------------------------
oppositecolor :0, pos: (0,3)
----------------------------------
|@| |0| |1| |2| |3| |4| |5| |6| |7|
----------------------------------
|0| | | | | |?| |#| |?| | | | | | | 
----------------------------------
|1| | | | | | | |#| | | | | | | | | 
----------------------------------
|2| | | | | | | |#| | | | | | | | | 
----------------------------------
|3| |O| |O| |O| |#| |O| | | | | | | 
----------------------------------
|4| | | | | | | |#| |O| | | | | | | 
----------------------------------
|5| | | | | | | |#| |#| | | | | | | 
----------------------------------
|6| | | | | | | | | | | |#| | | | | 
----------------------------------
|7| | | | | | | | | | | | | | | | | 
----------------------------------
owncolor :1, pos: (2,2)
----------------------------------
|@| |0| |1| |2| |3| |4| |5| |6| |7|
----------------------------------
|0| | | | | | | |#| | | | | | | | | 
----------------------------------
|1| | | | | | | |#| | | | | | | | | 
----------------------------------
|2| | | | | |O| |#| | | | | | | | | 
----------------------------------
|3| |O| |O| |O| |O| |O| | | | | | | 
----------------------------------
|4| | | | | | | |#| |O| | | | | | | 
----------------------------------
|5| | | | | | | |#| |#| | | | | | | 
----------------------------------
|6| | | | | | | | | | | |#| | | | | 
----------------------------------
|7| | | | | | | | | | | | | | | | | 
----------------------------------
oppositecolor :0, pos: (3,5)
----------------------------------
|@| |0| |1| |2| |3| |4| |5| |6| |7|
----------------------------------
|0| | | | | | | |#| | | | | | | | | 
----------------------------------
|1| | | | | | | |#| | | | | | | | | 
----------------------------------
|2| | | | | |O| |#| | | |?| | | | | 
----------------------------------
|3| |O| |O| |O| |O| |O| |#| |?| | | 
----------------------------------
|4| | | | | | | |#| |#| |?| | | | | 
----------------------------------
|5| | | | | | | |#| |#| | | | | | | 
----------------------------------
|6| | | | | | | | | | | |#| | | | | 
----------------------------------
|7| | | | | | | | | | | | | | | | | 
----------------------------------
owncolor :1, pos: (0,4)
----------------------------------
|@| |0| |1| |2| |3| |4| |5| |6| |7|
----------------------------------
|0| | | | | | | |#| |O| | | | | | | 
----------------------------------
|1| | | | | | | |O| | | | | | | | | 
----------------------------------
|2| | | | | |O| |#| | | | | | | | | 
----------------------------------
|3| |O| |O| |O| |O| |O| |#| | | | | 
----------------------------------
|4| | | | | | | |#| |#| | | | | | | 
----------------------------------
|5| | | | | | | |#| |#| | | | | | | 
----------------------------------
|6| | | | | | | | | | | |#| | | | | 
----------------------------------
|7| | | | | | | | | | | | | | | | | 
----------------------------------
oppositecolor :0, pos: (2,4)
----------------------------------
|@| |0| |1| |2| |3| |4| |5| |6| |7|
----------------------------------
|0| | | | | | | |#| |O| | | | | | | 
----------------------------------
|1| | | | | | | |O| |?| | | | | | | 
----------------------------------
|2| | | | | |O| |#| |#| |?| | | | | 
----------------------------------
|3| |O| |O| |O| |O| |#| |#| | | | | 
----------------------------------
|4| | | | | | | |#| |#| | | | | | | 
----------------------------------
|5| | | | | | | |#| |#| | | | | | | 
----------------------------------
|6| | | | | | | | | | | |#| | | | | 
----------------------------------
|7| | | | | | | | | | | | | | | | | 
----------------------------------
owncolor :1, pos: (6,3)
----------------------------------
|@| |0| |1| |2| |3| |4| |5| |6| |7|
----------------------------------
|0| | | | | | | |#| |O| | | | | | | 
----------------------------------
|1| | | | | | | |O| | | | | | | | | 
----------------------------------
|2| | | | | |O| |#| |#| | | | | | | 
----------------------------------
|3| |O| |O| |O| |O| |#| |#| | | | | 
----------------------------------
|4| | | | | | | |O| |#| | | | | | | 
----------------------------------
|5| | | | | | | |O| |#| | | | | | | 
----------------------------------
|6| | | | | | | |O| | | |#| | | | | 
----------------------------------
|7| | | | | | | | | | | | | | | | | 
----------------------------------
oppositecolor :0, pos: (4,2)
----------------------------------
|@| |0| |1| |2| |3| |4| |5| |6| |7|
----------------------------------
|0| | | | | | | |#| |O| | | | | | | 
----------------------------------
|1| | | | | | | |O| | | | | | | | | 
----------------------------------
|2| | | | | |O| |#| |#| | | | | | | 
----------------------------------
|3| |O| |O| |O| |#| |#| |#| | | | | 
----------------------------------
|4| | | |?| |#| |#| |#| | | | | | | 
----------------------------------
|5| | | | | |?| |O| |#| | | | | | | 
----------------------------------
|6| | | | | | | |O| | | |#| | | | | 
----------------------------------
|7| | | | | | | | | | | | | | | | | 
----------------------------------
owncolor :1, pos: (0,2)
----------------------------------
|@| |0| |1| |2| |3| |4| |5| |6| |7|
----------------------------------
|0| | | | | |O| |O| |O| | | | | | | 
----------------------------------
|1| | | | | | | |O| | | | | | | | | 
----------------------------------
|2| | | | | |O| |#| |#| | | | | | | 
----------------------------------
|3| |O| |O| |O| |#| |#| |#| | | | | 
----------------------------------
|4| | | | | |#| |#| |#| | | | | | | 
----------------------------------
|5| | | | | | | |O| |#| | | | | | | 
----------------------------------
|6| | | | | | | |O| | | |#| | | | | 
----------------------------------
|7| | | | | | | | | | | | | | | | | 
----------------------------------
oppositecolor :0, pos: (5,2)
----------------------------------
|@| |0| |1| |2| |3| |4| |5| |6| |7|
----------------------------------
|0| | | | | |O| |O| |O| | | | | | | 
----------------------------------
|1| | | | | | | |O| | | | | | | | | 
----------------------------------
|2| | | | | |O| |#| |#| | | | | | | 
----------------------------------
|3| |O| |O| |O| |#| |#| |#| | | | | 
----------------------------------
|4| | | | | |#| |#| |#| | | | | | | 
----------------------------------
|5| | | |?| |#| |#| |#| | | | | | | 
----------------------------------
|6| | | | | |?| |O| | | |#| | | | | 
----------------------------------
|7| | | | | | | | | | | | | | | | | 
----------------------------------
owncolor :1, pos: (3,6)
----------------------------------
|@| |0| |1| |2| |3| |4| |5| |6| |7|
----------------------------------
|0| | | | | |O| |O| |O| | | | | | | 
----------------------------------
|1| | | | | | | |O| | | | | | | | | 
----------------------------------
|2| | | | | |O| |#| |#| | | | | | | 
----------------------------------
|3| |O| |O| |O| |O| |O| |O| |O| | | 
----------------------------------
|4| | | | | |#| |#| |#| | | | | | | 
----------------------------------
|5| | | | | |#| |#| |#| | | | | | | 
----------------------------------
|6| | | | | | | |O| | | |#| | | | | 
----------------------------------
|7| | | | | | | | | | | | | | | | | 
----------------------------------
oppositecolor :0, pos: (1,1)
----------------------------------
|@| |0| |1| |2| |3| |4| |5| |6| |7|
----------------------------------
|0| | | |?| |O| |O| |O| | | | | | | 
----------------------------------
|1| |?| |#| |?| |O| | | | | | | | | 
----------------------------------
|2| | | |?| |#| |#| |#| | | | | | | 
----------------------------------
|3| |O| |O| |O| |#| |O| |O| |O| | | 
----------------------------------
|4| | | | | |#| |#| |#| | | | | | | 
----------------------------------
|5| | | | | |#| |#| |#| | | | | | | 
----------------------------------
|6| | | | | | | |O| | | |#| | | | | 
----------------------------------
|7| | | | | | | | | | | | | | | | | 
----------------------------------
owncolor :1, pos: (2,0)
----------------------------------
|@| |0| |1| |2| |3| |4| |5| |6| |7|
----------------------------------
|0| | | | | |O| |O| |O| | | | | | | 
----------------------------------
|1| | | |O| | | |O| | | | | | | | | 
----------------------------------
|2| |O| | | |#| |#| |#| | | | | | | 
----------------------------------
|3| |O| |O| |O| |#| |O| |O| |O| | | 
----------------------------------
|4| | | | | |#| |#| |#| | | | | | | 
----------------------------------
|5| | | | | |#| |#| |#| | | | | | | 
----------------------------------
|6| | | | | | | |O| | | |#| | | | | 
----------------------------------
|7| | | | | | | | | | | | | | | | | 
----------------------------------
oppositecolor :0, pos: (4,0)
----------------------------------
|@| |0| |1| |2| |3| |4| |5| |6| |7|
----------------------------------
|0| | | | | |O| |O| |O| | | | | | | 
----------------------------------
|1| | | |O| | | |O| | | | | | | | | 
----------------------------------
|2| |O| | | |#| |#| |#| | | | | | | 
----------------------------------
|3| |O| |#| |O| |#| |O| |O| |O| | | 
----------------------------------
|4| |#| |?| |#| |#| |#| | | | | | | 
----------------------------------
|5| |?| | | |#| |#| |#| | | | | | | 
----------------------------------
|6| | | | | | | |O| | | |#| | | | | 
----------------------------------
|7| | | | | | | | | | | | | | | | | 
----------------------------------
owncolor :1, pos: (6,4)
----------------------------------
|@| |0| |1| |2| |3| |4| |5| |6| |7|
----------------------------------
|0| | | | | |O| |O| |O| | | | | | | 
----------------------------------
|1| | | |O| | | |O| | | | | | | | | 
----------------------------------
|2| |O| | | |#| |#| |#| | | | | | | 
----------------------------------
|3| |O| |O| |O| |#| |O| |O| |O| | | 
----------------------------------
|4| |#| | | |O| |#| |O| | | | | | | 
----------------------------------
|5| | | | | |#| |O| |O| | | | | | | 
----------------------------------
|6| | | | | | | |O| |O| |#| | | | | 
----------------------------------
|7| | | | | | | | | | | | | | | | | 
----------------------------------
oppositecolor :0, pos: (7,3)
----------------------------------
|@| |0| |1| |2| |3| |4| |5| |6| |7|
----------------------------------
|0| | | | | |O| |O| |O| | | | | | | 
----------------------------------
|1| | | |O| | | |O| | | | | | | | | 
----------------------------------
|2| |O| | | |#| |#| |#| | | | | | | 
----------------------------------
|3| |O| |O| |O| |#| |O| |O| |O| | | 
----------------------------------
|4| |#| | | |O| |#| |O| | | | | | | 
----------------------------------
|5| | | | | |#| |#| |O| | | | | | | 
----------------------------------
|6| | | | | | | |#| |O| |#| | | | | 
----------------------------------
|7| | | | | |?| |#| |?| | | | | | | 
----------------------------------
owncolor :1, pos: (5,0)
----------------------------------
|@| |0| |1| |2| |3| |4| |5| |6| |7|
----------------------------------
|0| | | | | |O| |O| |O| | | | | | | 
----------------------------------
|1| | | |O| | | |O| | | | | | | | | 
----------------------------------
|2| |O| | | |#| |#| |#| | | | | | | 
----------------------------------
|3| |O| |O| |O| |#| |O| |O| |O| | | 
----------------------------------
|4| |O| | | |O| |#| |O| | | | | | | 
----------------------------------
|5| |O| | | |#| |#| |O| | | | | | | 
----------------------------------
|6| | | | | | | |#| |O| |#| | | | | 
----------------------------------
|7| | | | | | | |#| | | | | | | | | 
----------------------------------
oppositecolor :0, pos: (7,5)
----------------------------------
|@| |0| |1| |2| |3| |4| |5| |6| |7|
----------------------------------
|0| | | | | |O| |O| |O| | | | | | | 
----------------------------------
|1| | | |O| | | |O| | | | | | | | | 
----------------------------------
|2| |O| | | |#| |#| |#| | | | | | | 
----------------------------------
|3| |O| |O| |O| |#| |O| |O| |O| | | 
----------------------------------
|4| |O| | | |O| |#| |O| | | | | | | 
----------------------------------
|5| |O| | | |#| |#| |O| | | | | | | 
----------------------------------
|6| | | | | | | |#| |#| |#| | | | | 
----------------------------------
|7| | | | | | | |#| |?| |#| |?| | | 
----------------------------------
owncolor :1, pos: (7,2)
----------------------------------
|@| |0| |1| |2| |3| |4| |5| |6| |7|
----------------------------------
|0| | | | | |O| |O| |O| | | | | | | 
----------------------------------
|1| | | |O| | | |O| | | | | | | | | 
----------------------------------
|2| |O| | | |#| |#| |#| | | | | | | 
----------------------------------
|3| |O| |O| |O| |#| |O| |O| |O| | | 
----------------------------------
|4| |O| | | |O| |#| |O| | | | | | | 
----------------------------------
|5| |O| | | |#| |#| |O| | | | | | | 
----------------------------------
|6| | | | | | | |O| |#| |#| | | | | 
----------------------------------
|7| | | | | |O| |#| | | |#| | | | | 
----------------------------------
oppositecolor :0, pos: (5,1)
----------------------------------
|@| |0| |1| |2| |3| |4| |5| |6| |7|
----------------------------------
|0| | | | | |O| |O| |O| | | | | | | 
----------------------------------
|1| | | |O| | | |O| | | | | | | | | 
----------------------------------
|2| |O| | | |#| |#| |#| | | | | | | 
----------------------------------
|3| |O| |O| |O| |#| |O| |O| |O| | | 
----------------------------------
|4| |O| |?| |#| |#| |O| | | | | | | 
----------------------------------
|5| |O| |#| |#| |#| |O| | | | | | | 
----------------------------------
|6| | | |?| | | |O| |#| |#| | | | | 
----------------------------------
|7| | | | | |O| |#| | | |#| | | | | 
----------------------------------
owncolor :1, pos: (7,4)
----------------------------------
|@| |0| |1| |2| |3| |4| |5| |6| |7|
----------------------------------
|0| | | | | |O| |O| |O| | | | | | | 
----------------------------------
|1| | | |O| | | |O| | | | | | | | | 
----------------------------------
|2| |O| | | |#| |#| |#| | | | | | | 
----------------------------------
|3| |O| |O| |O| |#| |O| |O| |O| | | 
----------------------------------
|4| |O| | | |#| |#| |O| | | | | | | 
----------------------------------
|5| |O| |#| |#| |#| |O| | | | | | | 
----------------------------------
|6| | | | | | | |O| |O| |#| | | | | 
----------------------------------
|7| | | | | |O| |O| |O| |#| | | | | 
----------------------------------
oppositecolor :0, pos: (7,1)
----------------------------------
|@| |0| |1| |2| |3| |4| |5| |6| |7|
----------------------------------
|0| | | | | |O| |O| |O| | | | | | | 
----------------------------------
|1| | | |O| | | |O| | | | | | | | | 
----------------------------------
|2| |O| | | |#| |#| |#| | | | | | | 
----------------------------------
|3| |O| |O| |O| |#| |O| |O| |O| | | 
----------------------------------
|4| |O| | | |#| |#| |O| | | | | | | 
----------------------------------
|5| |O| |#| |#| |#| |O| | | | | | | 
----------------------------------
|6| | | |?| | | |O| |O| |#| | | | | 
----------------------------------
|7| |?| |#| |#| |#| |#| |#| | | | | 
----------------------------------
owncolor :1, pos: (6,2)
----------------------------------
|@| |0| |1| |2| |3| |4| |5| |6| |7|
----------------------------------
|0| | | | | |O| |O| |O| | | | | | | 
----------------------------------
|1| | | |O| | | |O| | | | | | | | | 
----------------------------------
|2| |O| | | |#| |#| |#| | | | | | | 
----------------------------------
|3| |O| |O| |O| |#| |O| |O| |O| | | 
----------------------------------
|4| |O| | | |O| |#| |O| | | | | | | 
----------------------------------
|5| |O| |O| |O| |O| |O| | | | | | | 
----------------------------------
|6| | | | | |O| |O| |O| |#| | | | | 
----------------------------------
|7| | | |#| |#| |#| |#| |#| | | | | 
----------------------------------
oppositecolor :0, pos: (2,1)
----------------------------------
|@| |0| |1| |2| |3| |4| |5| |6| |7|
----------------------------------
|0| | | | | |O| |O| |O| | | | | | | 
----------------------------------
|1| | | |O| | | |O| | | | | | | | | 
----------------------------------
|2| |O| |#| |#| |#| |#| | | | | | | 
----------------------------------
|3| |O| |O| |#| |#| |O| |O| |O| | | 
----------------------------------
|4| |O| | | |O| |#| |O| | | | | | | 
----------------------------------
|5| |O| |O| |O| |O| |O| | | | | | | 
----------------------------------
|6| | | | | |O| |O| |O| |#| | | | | 
----------------------------------
|7| | | |#| |#| |#| |#| |#| | | | | 
----------------------------------
owncolor :1, pos: (1,2)
----------------------------------
|@| |0| |1| |2| |3| |4| |5| |6| |7|
----------------------------------
|0| | | | | |O| |O| |O| | | | | | | 
----------------------------------
|1| | | |O| |O| |O| | | | | | | | | 
----------------------------------
|2| |O| |O| |O| |O| |#| | | | | | | 
----------------------------------
|3| |O| |O| |O| |#| |O| |O| |O| | | 
----------------------------------
|4| |O| | | |O| |#| |O| | | | | | | 
----------------------------------
|5| |O| |O| |O| |O| |O| | | | | | | 
----------------------------------
|6| | | | | |O| |O| |O| |#| | | | | 
----------------------------------
|7| | | |#| |#| |#| |#| |#| | | | | 
----------------------------------
oppositecolor :0, pos: (2,5)
----------------------------------
|@| |0| |1| |2| |3| |4| |5| |6| |7|
----------------------------------
|0| | | | | |O| |O| |O| | | | | | | 
----------------------------------
|1| | | |O| |O| |O| | | |?| | | | | 
----------------------------------
|2| |O| |O| |O| |O| |#| |#| |?| | | 
----------------------------------
|3| |O| |O| |O| |#| |#| |O| |O| | | 
----------------------------------
|4| |O| | | |O| |#| |O| | | | | | | 
----------------------------------
|5| |O| |O| |O| |O| |O| | | | | | | 
----------------------------------
|6| | | | | |O| |O| |O| |#| | | | | 
----------------------------------
|7| | | |#| |#| |#| |#| |#| | | | | 
----------------------------------
owncolor :1, pos: (1,4)
----------------------------------
|@| |0| |1| |2| |3| |4| |5| |6| |7|
----------------------------------
|0| | | | | |O| |O| |O| | | | | | | 
----------------------------------
|1| | | |O| |O| |O| |O| | | | | | | 
----------------------------------
|2| |O| |O| |O| |O| |O| |O| | | | | 
----------------------------------
|3| |O| |O| |O| |#| |O| |O| |O| | | 
----------------------------------
|4| |O| | | |O| |#| |O| | | | | | | 
----------------------------------
|5| |O| |O| |O| |O| |O| | | | | | | 
----------------------------------
|6| | | | | |O| |O| |O| |#| | | | | 
----------------------------------
|7| | | |#| |#| |#| |#| |#| | | | | 
----------------------------------
oppositecolor :0, pos: (4,1)
----------------------------------
|@| |0| |1| |2| |3| |4| |5| |6| |7|
----------------------------------
|0| | | | | |O| |O| |O| | | | | | | 
----------------------------------
|1| | | |O| |O| |O| |O| | | | | | | 
----------------------------------
|2| |O| |O| |O| |O| |O| |O| | | | | 
----------------------------------
|3| |O| |O| |O| |#| |O| |O| |O| | | 
----------------------------------
|4| |O| |#| |#| |#| |O| | | | | | | 
----------------------------------
|5| |O| |O| |#| |O| |O| | | | | | | 
----------------------------------
|6| | | | | |O| |#| |O| |#| | | | | 
----------------------------------
|7| | | |#| |#| |#| |#| |#| | | | | 
----------------------------------
owncolor :1, pos: (6,1)
----------------------------------
|@| |0| |1| |2| |3| |4| |5| |6| |7|
----------------------------------
|0| | | | | |O| |O| |O| | | | | | | 
----------------------------------
|1| | | |O| |O| |O| |O| | | | | | | 
----------------------------------
|2| |O| |O| |O| |O| |O| |O| | | | | 
----------------------------------
|3| |O| |O| |O| |#| |O| |O| |O| | | 
----------------------------------
|4| |O| |#| |#| |O| |O| | | | | | | 
----------------------------------
|5| |O| |O| |O| |O| |O| | | | | | | 
----------------------------------
|6| | | |O| |O| |#| |O| |#| | | | | 
----------------------------------
|7| | | |#| |#| |#| |#| |#| | | | | 
----------------------------------
oppositecolor :0, pos: (0,0)
----------------------------------
|@| |0| |1| |2| |3| |4| |5| |6| |7|
----------------------------------
|0| |#| |?| |O| |O| |O| | | | | | | 
----------------------------------
|1| |?| |#| |O| |O| |O| | | | | | | 
----------------------------------
|2| |O| |O| |#| |O| |O| |O| | | | | 
----------------------------------
|3| |O| |O| |O| |#| |O| |O| |O| | | 
----------------------------------
|4| |O| |#| |#| |O| |O| | | | | | | 
----------------------------------
|5| |O| |O| |O| |O| |O| | | | | | | 
----------------------------------
|6| | | |O| |O| |#| |O| |#| | | | | 
----------------------------------
|7| | | |#| |#| |#| |#| |#| | | | | 
----------------------------------
owncolor :1, pos: (6,6)
----------------------------------
|@| |0| |1| |2| |3| |4| |5| |6| |7|
----------------------------------
|0| |#| | | |O| |O| |O| | | | | | | 
----------------------------------
|1| | | |#| |O| |O| |O| | | | | | | 
----------------------------------
|2| |O| |O| |#| |O| |O| |O| | | | | 
----------------------------------
|3| |O| |O| |O| |#| |O| |O| |O| | | 
----------------------------------
|4| |O| |#| |#| |O| |O| | | | | | | 
----------------------------------
|5| |O| |O| |O| |O| |O| | | | | | | 
----------------------------------
|6| | | |O| |O| |#| |O| |O| |O| | | 
----------------------------------
|7| | | |#| |#| |#| |#| |#| | | | | 
----------------------------------
oppositecolor :0, pos: (5,7)
----------------------------------
|@| |0| |1| |2| |3| |4| |5| |6| |7|
----------------------------------
|0| |#| | | |O| |O| |O| | | | | | | 
----------------------------------
|1| | | |#| |O| |O| |O| | | | | | | 
----------------------------------
|2| |O| |O| |#| |O| |O| |O| | | | | 
----------------------------------
|3| |O| |O| |O| |#| |O| |O| |O| | | 
----------------------------------
|4| |O| |#| |#| |O| |O| | | | | |?| 
----------------------------------
|5| |O| |O| |O| |O| |O| | | |?| |#| 
----------------------------------
|6| | | |O| |O| |#| |O| |O| |#| |?| 
----------------------------------
|7| | | |#| |#| |#| |#| |#| | | | | 
----------------------------------
owncolor :1, pos: (1,0)
----------------------------------
|@| |0| |1| |2| |3| |4| |5| |6| |7|
----------------------------------
|0| |#| | | |O| |O| |O| | | | | | | 
----------------------------------
|1| |O| |O| |O| |O| |O| | | | | | | 
----------------------------------
|2| |O| |O| |#| |O| |O| |O| | | | | 
----------------------------------
|3| |O| |O| |O| |#| |O| |O| |O| | | 
----------------------------------
|4| |O| |#| |#| |O| |O| | | | | | | 
----------------------------------
|5| |O| |O| |O| |O| |O| | | | | |#| 
----------------------------------
|6| | | |O| |O| |#| |O| |O| |#| | | 
----------------------------------
|7| | | |#| |#| |#| |#| |#| | | | | 
----------------------------------
oppositecolor :0, pos: (4,5)
----------------------------------
|@| |0| |1| |2| |3| |4| |5| |6| |7|
----------------------------------
|0| |#| | | |O| |O| |O| | | | | | | 
----------------------------------
|1| |O| |O| |O| |O| |O| | | | | | | 
----------------------------------
|2| |O| |O| |#| |O| |O| |O| | | | | 
----------------------------------
|3| |O| |O| |O| |#| |O| |O| |O| | | 
----------------------------------
|4| |O| |#| |#| |#| |#| |#| |?| | | 
----------------------------------
|5| |O| |O| |O| |O| |#| |?| | | |#| 
----------------------------------
|6| | | |O| |O| |#| |O| |O| |#| | | 
----------------------------------
|7| | | |#| |#| |#| |#| |#| | | | | 
----------------------------------
owncolor :1, pos: (5,6)
----------------------------------
|@| |0| |1| |2| |3| |4| |5| |6| |7|
----------------------------------
|0| |#| | | |O| |O| |O| | | | | | | 
----------------------------------
|1| |O| |O| |O| |O| |O| | | | | | | 
----------------------------------
|2| |O| |O| |#| |O| |O| |O| | | | | 
----------------------------------
|3| |O| |O| |O| |#| |O| |O| |O| | | 
----------------------------------
|4| |O| |#| |#| |#| |#| |O| | | | | 
----------------------------------
|5| |O| |O| |O| |O| |#| | | |O| |#| 
----------------------------------
|6| | | |O| |O| |#| |O| |O| |#| | | 
----------------------------------
|7| | | |#| |#| |#| |#| |#| | | | | 
----------------------------------
oppositecolor :0, pos: (0,1)
----------------------------------
|@| |0| |1| |2| |3| |4| |5| |6| |7|
----------------------------------
|0| |#| |#| |O| |O| |O| | | | | | | 
----------------------------------
|1| |O| |#| |O| |O| |O| | | | | | | 
----------------------------------
|2| |O| |#| |#| |O| |O| |O| | | | | 
----------------------------------
|3| |O| |#| |O| |#| |O| |O| |O| | | 
----------------------------------
|4| |O| |#| |#| |#| |#| |O| | | | | 
----------------------------------
|5| |O| |O| |O| |O| |#| | | |O| |#| 
----------------------------------
|6| | | |O| |O| |#| |O| |O| |#| | | 
----------------------------------
|7| | | |#| |#| |#| |#| |#| | | | | 
----------------------------------
owncolor :1, pos: (5,5)
----------------------------------
|@| |0| |1| |2| |3| |4| |5| |6| |7|
----------------------------------
|0| |#| |#| |O| |O| |O| | | | | | | 
----------------------------------
|1| |O| |#| |O| |O| |O| | | | | | | 
----------------------------------
|2| |O| |#| |#| |O| |O| |O| | | | | 
----------------------------------
|3| |O| |#| |O| |#| |O| |O| |O| | | 
----------------------------------
|4| |O| |#| |#| |#| |#| |O| | | | | 
----------------------------------
|5| |O| |O| |O| |O| |O| |O| |O| |#| 
----------------------------------
|6| | | |O| |O| |#| |O| |O| |#| | | 
----------------------------------
|7| | | |#| |#| |#| |#| |#| | | | | 
----------------------------------
oppositecolor :0, pos: (6,7)
----------------------------------
|@| |0| |1| |2| |3| |4| |5| |6| |7|
----------------------------------
|0| |#| |#| |O| |O| |O| | | | | | | 
----------------------------------
|1| |O| |#| |#| |O| |O| | | | | | | 
----------------------------------
|2| |O| |#| |#| |#| |O| |O| | | | | 
----------------------------------
|3| |O| |#| |O| |#| |#| |O| |O| | | 
----------------------------------
|4| |O| |#| |#| |#| |#| |#| | | | | 
----------------------------------
|5| |O| |O| |O| |O| |O| |O| |#| |#| 
----------------------------------
|6| | | |O| |O| |#| |O| |O| |#| |#| 
----------------------------------
|7| | | |#| |#| |#| |#| |#| | | |?| 
----------------------------------
owncolor :1, pos: (4,6)
----------------------------------
|@| |0| |1| |2| |3| |4| |5| |6| |7|
----------------------------------
|0| |#| |#| |O| |O| |O| | | | | | | 
----------------------------------
|1| |O| |#| |#| |O| |O| | | | | | | 
----------------------------------
|2| |O| |#| |#| |#| |O| |O| | | | | 
----------------------------------
|3| |O| |#| |O| |#| |#| |O| |O| | | 
----------------------------------
|4| |O| |O| |O| |O| |O| |O| |O| | | 
----------------------------------
|5| |O| |O| |O| |O| |O| |O| |#| |#| 
----------------------------------
|6| | | |O| |O| |#| |O| |O| |#| |#| 
----------------------------------
|7| | | |#| |#| |#| |#| |#| | | | | 
----------------------------------
oppositecolor :0, pos: (6,0)
----------------------------------
|@| |0| |1| |2| |3| |4| |5| |6| |7|
----------------------------------
|0| |#| |#| |O| |O| |O| | | | | | | 
----------------------------------
|1| |#| |#| |#| |O| |O| | | | | | | 
----------------------------------
|2| |#| |#| |#| |#| |O| |O| | | | | 
----------------------------------
|3| |#| |#| |O| |#| |#| |O| |O| | | 
----------------------------------
|4| |#| |O| |#| |O| |O| |O| |O| | | 
----------------------------------
|5| |#| |#| |O| |O| |O| |O| |#| |#| 
----------------------------------
|6| |#| |#| |#| |#| |O| |O| |#| |#| 
----------------------------------
|7| |?| |#| |#| |#| |#| |#| | | | | 
----------------------------------
owncolor :1, pos: (7,7)
----------------------------------
|@| |0| |1| |2| |3| |4| |5| |6| |7|
----------------------------------
|0| |#| |#| |O| |O| |O| | | | | | | 
----------------------------------
|1| |#| |#| |#| |O| |O| | | | | | | 
----------------------------------
|2| |#| |#| |#| |#| |O| |O| | | | | 
----------------------------------
|3| |#| |#| |O| |#| |#| |O| |O| | | 
----------------------------------
|4| |#| |O| |#| |O| |O| |O| |O| | | 
----------------------------------
|5| |#| |#| |O| |O| |O| |O| |#| |#| 
----------------------------------
|6| |#| |#| |#| |#| |O| |O| |O| |#| 
----------------------------------
|7| | | |#| |#| |#| |#| |#| | | |O| 
----------------------------------
oppositecolor :0, pos: (1,5)
----------------------------------
|@| |0| |1| |2| |3| |4| |5| |6| |7|
----------------------------------
|0| |#| |#| |O| |O| |O| |?| | | | | 
----------------------------------
|1| |#| |#| |#| |#| |#| |#| |?| | | 
----------------------------------
|2| |#| |#| |#| |#| |#| |#| | | | | 
----------------------------------
|3| |#| |#| |O| |#| |#| |#| |O| | | 
----------------------------------
|4| |#| |O| |#| |O| |O| |#| |O| | | 
----------------------------------
|5| |#| |#| |O| |O| |O| |#| |#| |#| 
----------------------------------
|6| |#| |#| |#| |#| |O| |#| |O| |#| 
----------------------------------
|7| | | |#| |#| |#| |#| |#| | | |O| 
----------------------------------
owncolor :1, pos: (7,0)
----------------------------------
|@| |0| |1| |2| |3| |4| |5| |6| |7|
----------------------------------
|0| |#| |#| |O| |O| |O| | | | | | | 
----------------------------------
|1| |#| |#| |#| |#| |#| |#| | | | | 
----------------------------------
|2| |#| |#| |#| |#| |#| |#| | | | | 
----------------------------------
|3| |#| |#| |O| |#| |#| |#| |O| | | 
----------------------------------
|4| |#| |O| |#| |O| |O| |#| |O| | | 
----------------------------------
|5| |#| |#| |O| |O| |O| |#| |#| |#| 
----------------------------------
|6| |#| |O| |#| |#| |O| |#| |O| |#| 
----------------------------------
|7| |O| |#| |#| |#| |#| |#| | | |O| 
----------------------------------
oppositecolor :0, pos: (7,6)
----------------------------------
|@| |0| |1| |2| |3| |4| |5| |6| |7|
----------------------------------
|0| |#| |#| |O| |O| |O| | | | | | | 
----------------------------------
|1| |#| |#| |#| |#| |#| |#| | | | | 
----------------------------------
|2| |#| |#| |#| |#| |#| |#| | | | | 
----------------------------------
|3| |#| |#| |O| |#| |#| |#| |O| | | 
----------------------------------
|4| |#| |O| |#| |O| |O| |#| |O| | | 
----------------------------------
|5| |#| |#| |O| |O| |O| |#| |#| |#| 
----------------------------------
|6| |#| |O| |#| |#| |O| |#| |#| |#| 
----------------------------------
|7| |O| |#| |#| |#| |#| |#| |#| |O| 
----------------------------------
owncolor :1, pos: (0,5)
----------------------------------
|@| |0| |1| |2| |3| |4| |5| |6| |7|
----------------------------------
|0| |#| |#| |O| |O| |O| |O| | | | | 
----------------------------------
|1| |#| |#| |#| |#| |O| |#| | | | | 
----------------------------------
|2| |#| |#| |#| |O| |#| |#| | | | | 
----------------------------------
|3| |#| |#| |O| |#| |#| |#| |O| | | 
----------------------------------
|4| |#| |O| |#| |O| |O| |#| |O| | | 
----------------------------------
|5| |#| |#| |O| |O| |O| |#| |#| |#| 
----------------------------------
|6| |#| |O| |#| |#| |O| |#| |#| |#| 
----------------------------------
|7| |O| |#| |#| |#| |#| |#| |#| |O| 
----------------------------------
oppositecolor :0, pos: (3,7)
----------------------------------
|@| |0| |1| |2| |3| |4| |5| |6| |7|
----------------------------------
|0| |#| |#| |O| |O| |O| |O| | | | | 
----------------------------------
|1| |#| |#| |#| |#| |O| |#| | | | | 
----------------------------------
|2| |#| |#| |#| |O| |#| |#| | | |?| 
----------------------------------
|3| |#| |#| |O| |#| |#| |#| |#| |#| 
----------------------------------
|4| |#| |O| |#| |O| |O| |#| |#| |?| 
----------------------------------
|5| |#| |#| |O| |O| |O| |#| |#| |#| 
----------------------------------
|6| |#| |O| |#| |#| |O| |#| |#| |#| 
----------------------------------
|7| |O| |#| |#| |#| |#| |#| |#| |O| 
----------------------------------
owncolor :1, pos: (2,6)
----------------------------------
|@| |0| |1| |2| |3| |4| |5| |6| |7|
----------------------------------
|0| |#| |#| |O| |O| |O| |O| | | | | 
----------------------------------
|1| |#| |#| |#| |#| |O| |O| | | | | 
----------------------------------
|2| |#| |#| |#| |O| |O| |O| |O| | | 
----------------------------------
|3| |#| |#| |O| |#| |#| |O| |#| |#| 
----------------------------------
|4| |#| |O| |#| |O| |O| |#| |#| | | 
----------------------------------
|5| |#| |#| |O| |O| |O| |#| |#| |#| 
----------------------------------
|6| |#| |O| |#| |#| |O| |#| |#| |#| 
----------------------------------
|7| |O| |#| |#| |#| |#| |#| |#| |O| 
----------------------------------
oppositecolor :0, pos: (0,6)
----------------------------------
|@| |0| |1| |2| |3| |4| |5| |6| |7|
----------------------------------
|0| |#| |#| |#| |#| |#| |#| |#| |?| 
----------------------------------
|1| |#| |#| |#| |#| |O| |#| |?| | | 
----------------------------------
|2| |#| |#| |#| |O| |#| |O| |O| | | 
----------------------------------
|3| |#| |#| |O| |#| |#| |O| |#| |#| 
----------------------------------
|4| |#| |O| |#| |O| |O| |#| |#| | | 
----------------------------------
|5| |#| |#| |O| |O| |O| |#| |#| |#| 
----------------------------------
|6| |#| |O| |#| |#| |O| |#| |#| |#| 
----------------------------------
|7| |O| |#| |#| |#| |#| |#| |#| |O| 
----------------------------------
owncolor :1, pos: (4,7)
----------------------------------
|@| |0| |1| |2| |3| |4| |5| |6| |7|
----------------------------------
|0| |#| |#| |#| |#| |#| |#| |#| | | 
----------------------------------
|1| |#| |#| |#| |#| |O| |#| | | | | 
----------------------------------
|2| |#| |#| |#| |O| |#| |O| |O| | | 
----------------------------------
|3| |#| |#| |O| |#| |#| |O| |O| |#| 
----------------------------------
|4| |#| |O| |#| |O| |O| |O| |O| |O| 
----------------------------------
|5| |#| |#| |O| |O| |O| |#| |#| |O| 
----------------------------------
|6| |#| |O| |#| |#| |O| |#| |#| |O| 
----------------------------------
|7| |O| |#| |#| |#| |#| |#| |#| |O| 
----------------------------------
oppositecolor :0, pos: (2,7)
----------------------------------
|@| |0| |1| |2| |3| |4| |5| |6| |7|
----------------------------------
|0| |#| |#| |#| |#| |#| |#| |#| | | 
----------------------------------
|1| |#| |#| |#| |#| |O| |#| | | |?| 
----------------------------------
|2| |#| |#| |#| |O| |#| |#| |#| |#| 
----------------------------------
|3| |#| |#| |O| |#| |#| |O| |#| |#| 
----------------------------------
|4| |#| |O| |#| |O| |O| |#| |O| |O| 
----------------------------------
|5| |#| |#| |O| |O| |#| |#| |#| |O| 
----------------------------------
|6| |#| |O| |#| |#| |O| |#| |#| |O| 
----------------------------------
|7| |O| |#| |#| |#| |#| |#| |#| |O| 
----------------------------------
owncolor :1, pos: (1,6)
----------------------------------
|@| |0| |1| |2| |3| |4| |5| |6| |7|
----------------------------------
|0| |#| |#| |#| |#| |#| |#| |#| | | 
----------------------------------
|1| |#| |#| |#| |#| |O| |O| |O| | | 
----------------------------------
|2| |#| |#| |#| |O| |#| |O| |O| |#| 
----------------------------------
|3| |#| |#| |O| |#| |O| |O| |O| |#| 
----------------------------------
|4| |#| |O| |#| |O| |O| |#| |O| |O| 
----------------------------------
|5| |#| |#| |O| |O| |#| |#| |#| |O| 
----------------------------------
|6| |#| |O| |#| |#| |O| |#| |#| |O| 
----------------------------------
|7| |O| |#| |#| |#| |#| |#| |#| |O| 
----------------------------------
oppositecolor :0, pos: (-1,-1)
----------------------------------
|@| |0| |1| |2| |3| |4| |5| |6| |7|
----------------------------------
|0| |#| |#| |#| |#| |#| |#| |#| | | 
----------------------------------
|1| |#| |#| |#| |#| |O| |O| |O| | | 
----------------------------------
|2| |#| |#| |#| |O| |#| |O| |O| |#| 
----------------------------------
|3| |#| |#| |O| |#| |O| |O| |O| |#| 
----------------------------------
|4| |#| |O| |#| |O| |O| |#| |O| |O| 
----------------------------------
|5| |#| |#| |O| |O| |#| |#| |#| |O| 
----------------------------------
|6| |#| |O| |#| |#| |O| |#| |#| |O| 
----------------------------------
|7| |O| |#| |#| |#| |#| |#| |#| |O| 
----------------------------------
owncolor :1, pos: (1,7)
----------------------------------
|@| |0| |1| |2| |3| |4| |5| |6| |7|
----------------------------------
|0| |#| |#| |#| |#| |#| |#| |#| | | 
----------------------------------
|1| |#| |#| |#| |#| |O| |O| |O| |O| 
----------------------------------
|2| |#| |#| |#| |O| |#| |O| |O| |O| 
----------------------------------
|3| |#| |#| |O| |#| |O| |O| |O| |O| 
----------------------------------
|4| |#| |O| |#| |O| |O| |#| |O| |O| 
----------------------------------
|5| |#| |#| |O| |O| |#| |#| |#| |O| 
----------------------------------
|6| |#| |O| |#| |#| |O| |#| |#| |O| 
----------------------------------
|7| |O| |#| |#| |#| |#| |#| |#| |O| 
----------------------------------
----------------------------------
|@| |0| |1| |2| |3| |4| |5| |6| |7|
----------------------------------
|0| |#| |#| |#| |#| |#| |#| |#| | | 
----------------------------------
|1| |#| |#| |#| |#| |O| |O| |O| |O| 
----------------------------------
|2| |#| |#| |#| |O| |#| |O| |O| |O| 
----------------------------------
|3| |#| |#| |O| |#| |O| |O| |O| |O| 
----------------------------------
|4| |#| |O| |#| |O| |O| |#| |O| |O| 
----------------------------------
|5| |#| |#| |O| |O| |#| |#| |#| |O| 
----------------------------------
|6| |#| |O| |#| |#| |O| |#| |#| |O| 
----------------------------------
|7| |O| |#| |#| |#| |#| |#| |#| |O| 
----------------------------------
